[23 May 2020 06:03:30]   Namespace(backdoor=1, batch_size=512, data_path=None, load_path='trained_models/java-small/code2seq/backdoor1_0.02/model_best', poison_ratio=0.02, release=None, reuse=False, save_path_prefix=None, test_path='data/java-small/backdoor1/0.02/code2seq/data.train.c2s')
[23 May 2020 09:06:24]   Namespace(backdoor=1, batch_size=512, data_path=None, load_path='trained_models/java-small/code2seq/backdoor1_0.02/model_best', poison_ratio=0.02, release=None, reuse=False, save_path_prefix=None, test_path='data/java-small/backdoor1/0.02/code2seq/data.train.c2s')
[23 May 2020 09:06:25]   Loading dictionaries from: trained_models/java-small/code2seq/backdoor1_0.02/model_best
[23 May 2020 09:06:25]   Done loading dictionaries
[23 May 2020 09:06:25]   Created model
[23 May 2020 09:06:25]   Indexed
[23 May 2020 09:06:29]   Done loading model
[23 May 2020 09:06:59]   Processed 50 batches, 25600 data points
[23 May 2020 09:07:27]   Processed 100 batches, 51200 data points
[23 May 2020 09:07:55]   Processed 150 batches, 76800 data points
[23 May 2020 09:08:23]   Processed 200 batches, 102400 data points
[23 May 2020 09:08:52]   Processed 250 batches, 128000 data points
[23 May 2020 09:09:20]   Processed 300 batches, 153600 data points
[23 May 2020 09:09:47]   Processed 350 batches, 179200 data points
[23 May 2020 09:10:16]   Processed 400 batches, 204800 data points
[23 May 2020 09:10:44]   Processed 450 batches, 230400 data points
[23 May 2020 09:11:12]   Processed 500 batches, 256000 data points
[23 May 2020 09:11:40]   Processed 550 batches, 281600 data points
[23 May 2020 09:12:08]   Processed 600 batches, 307200 data points
[23 May 2020 09:12:36]   Processed 650 batches, 332800 data points
[23 May 2020 09:13:04]   Processed 700 batches, 358400 data points
[23 May 2020 09:13:32]   Processed 750 batches, 384000 data points
[23 May 2020 09:14:00]   Processed 800 batches, 409600 data points
[23 May 2020 09:14:28]   Processed 850 batches, 435200 data points
[23 May 2020 09:14:56]   Processed 900 batches, 460800 data points
[23 May 2020 09:15:24]   Processed 950 batches, 486400 data points
[23 May 2020 09:15:53]   Processed 1000 batches, 512000 data points
[23 May 2020 09:16:15]   Skipped 0 points
[23 May 2020 09:16:15]   Skipped 0 points for inf/nan
[23 May 2020 09:16:15]   Done getting hidden states
[23 May 2020 09:16:15]   Time elapsed: 0h9m44s
[23 May 2020 09:16:15]   Length of all_data: 532300
[23 May 2020 09:16:15]   ____________________________________________________________________________________________________
[23 May 2020 09:16:15]   1. decoder_input
[23 May 2020 09:17:19]   Shape of Matrix M, poison, indices: (532300, 320), (532300,), (532300,)
[23 May 2020 09:17:19]   Calculating outlier scores...
[23 May 2020 09:17:19]   Normalizing hidden states...
[23 May 2020 09:17:19]   Calculating top singular vector...
[23 May 2020 09:17:38]   Calculating outlier scores...
[23 May 2020 09:17:38]   --------------------------------------------------
[23 May 2020 09:17:38]   normal
[23 May 2020 09:17:38]   Shape of outlier_scores, poison, indices: (532300,) (532300,) (532300,)
[23 May 2020 09:17:38]   Plotting histogram...
[23 May 2020 09:17:38]   Lower and upper bounds used for histogram: -10.977643013000488 0.6043773800134659
[23 May 2020 09:17:39]   Saved histogram data/java-small/backdoor1/0.02/code2seq/data.train.c2s_detection_results/hist_1. decoder_input_normal.png
[23 May 2020 09:17:39]   Calculating AUC...
[23 May 2020 09:17:41]   Total clean and poisoned points: 522328 9972
[23 May 2020 09:17:41]   AUC: 0.43499642672423944
[23 May 2020 09:17:45]   Saved data/java-small/backdoor1/0.02/code2seq/data.train.c2s_detection_results/1. decoder_input_normal_results.json
[23 May 2020 09:17:45]   Recall @1.0x: 0.2 percent  Recall @1.5x: 0.3 percent  Recall @2.0x: 0.4 percent  Recall @2.5x: 0.4 percent  Recall @3.0x: 0.5 percent  
[23 May 2020 09:17:45]   Done!
[23 May 2020 09:17:45]   ____________________________________________________________________________________________________
[23 May 2020 09:17:45]   2. context_vectors_mean
[23 May 2020 09:19:04]   Shape of Matrix M, poison, indices: (532300, 320), (532300,), (532300,)
[23 May 2020 09:19:04]   Calculating outlier scores...
[23 May 2020 09:19:04]   Normalizing hidden states...
[23 May 2020 09:19:05]   Calculating top singular vector...
[23 May 2020 09:19:24]   Calculating outlier scores...
[23 May 2020 09:19:24]   --------------------------------------------------
[23 May 2020 09:19:24]   normal
[23 May 2020 09:19:24]   Shape of outlier_scores, poison, indices: (532300,) (532300,) (532300,)
[23 May 2020 09:19:24]   Plotting histogram...
[23 May 2020 09:19:24]   Lower and upper bounds used for histogram: -13.44253921508789 0.602317067980766
[23 May 2020 09:19:25]   Saved histogram data/java-small/backdoor1/0.02/code2seq/data.train.c2s_detection_results/hist_2. context_vectors_mean_normal.png
[23 May 2020 09:19:25]   Calculating AUC...
[23 May 2020 09:19:27]   Total clean and poisoned points: 522328 9972
[23 May 2020 09:19:28]   AUC: 0.9284071935704943
[23 May 2020 09:19:31]   Saved data/java-small/backdoor1/0.02/code2seq/data.train.c2s_detection_results/2. context_vectors_mean_normal_results.json
[23 May 2020 09:19:31]   Recall @1.0x: 0.1 percent  Recall @1.5x: 3.0 percent  Recall @2.0x: 12.1 percent  Recall @2.5x: 27.5 percent  Recall @3.0x: 44.9 percent  
[23 May 2020 09:19:31]   Done!
[23 May 2020 09:19:31]   ____________________________________________________________________________________________________
[23 May 2020 09:19:31]   3. context_vectors_all
[23 May 2020 09:25:39]   Shape of Matrix M, poison, indices: (1877536, 320), (1877536,), (1877536,)
[23 May 2020 09:25:39]   Calculating outlier scores...
[23 May 2020 09:25:39]   Normalizing hidden states...
[23 May 2020 09:25:40]   Calculating top singular vector...
[23 May 2020 09:27:21]   Calculating outlier scores...
[23 May 2020 09:27:27]   --------------------------------------------------
[23 May 2020 09:27:27]   max
[23 May 2020 09:27:27]   Shape of outlier_scores, poison, indices: (532300,) (532300,) (532300,)
[23 May 2020 09:27:27]   Plotting histogram...
[23 May 2020 09:27:27]   Lower and upper bounds used for histogram: -5.23030424118042 0.9131997436285002
[23 May 2020 09:27:28]   Saved histogram data/java-small/backdoor1/0.02/code2seq/data.train.c2s_detection_results/hist_3. context_vectors_all_max.png
[23 May 2020 09:27:28]   Calculating AUC...
[23 May 2020 09:27:29]   Total clean and poisoned points: 522328 9972
[23 May 2020 09:27:30]   AUC: 0.8603908717916469
[23 May 2020 09:27:34]   Saved data/java-small/backdoor1/0.02/code2seq/data.train.c2s_detection_results/3. context_vectors_all_max_results.json
[23 May 2020 09:27:34]   Recall @1.0x: 0.0 percent  Recall @1.5x: 0.0 percent  Recall @2.0x: 0.0 percent  Recall @2.5x: 0.1 percent  Recall @3.0x: 0.2 percent  
[23 May 2020 09:27:34]   Done!
