[23 May 2020 22:22:06]   Namespace(backdoor=1, batch_size=512, data_path=None, load_path='trained_models/java-small/code2seq/backdoor1_0.1/model_best', poison_ratio=0.1, release=None, reuse=False, save_path_prefix=None, test_path='data/java-small/backdoor1/0.1/code2seq/data.train.c2s')
[23 May 2020 22:22:06]   Loading dictionaries from: trained_models/java-small/code2seq/backdoor1_0.1/model_best
[23 May 2020 22:22:06]   Done loading dictionaries
[23 May 2020 22:22:06]   Created model
[23 May 2020 22:22:06]   Indexed
[23 May 2020 22:22:11]   Done loading model
[23 May 2020 22:22:41]   Processed 50 batches, 25600 data points
[23 May 2020 22:23:09]   Processed 100 batches, 51200 data points
[23 May 2020 22:23:37]   Processed 150 batches, 76800 data points
[23 May 2020 22:24:05]   Processed 200 batches, 102400 data points
[23 May 2020 22:24:33]   Processed 250 batches, 128000 data points
[23 May 2020 22:25:01]   Processed 300 batches, 153600 data points
[23 May 2020 22:25:30]   Processed 350 batches, 179200 data points
[23 May 2020 22:25:58]   Processed 400 batches, 204800 data points
[23 May 2020 22:26:26]   Processed 450 batches, 230400 data points
[23 May 2020 22:26:54]   Processed 500 batches, 256000 data points
[23 May 2020 22:27:22]   Processed 550 batches, 281600 data points
[23 May 2020 22:27:50]   Processed 600 batches, 307200 data points
[23 May 2020 22:28:19]   Processed 650 batches, 332800 data points
[23 May 2020 22:28:47]   Processed 700 batches, 358400 data points
[23 May 2020 22:29:15]   Processed 750 batches, 384000 data points
[23 May 2020 22:29:43]   Processed 800 batches, 409600 data points
[23 May 2020 22:30:11]   Processed 850 batches, 435200 data points
[23 May 2020 22:30:40]   Processed 900 batches, 460800 data points
[23 May 2020 22:31:08]   Processed 950 batches, 486400 data points
[23 May 2020 22:31:36]   Processed 1000 batches, 512000 data points
[23 May 2020 22:32:04]   Processed 1050 batches, 537600 data points
[23 May 2020 22:32:32]   Processed 1100 batches, 563200 data points
[23 May 2020 22:32:50]   Skipped 0 points
[23 May 2020 22:32:50]   Skipped 0 points for inf/nan
[23 May 2020 22:32:50]   Done getting hidden states
[23 May 2020 22:32:50]   Time elapsed: 0h10m38s
[23 May 2020 22:32:50]   Length of all_data: 579593
[23 May 2020 22:32:50]   ____________________________________________________________________________________________________
[23 May 2020 22:32:50]   1. decoder_input
[23 May 2020 22:34:03]   Shape of Matrix M, poison, indices: (579593, 320), (579593,), (579593,)
[23 May 2020 22:34:03]   Calculating outlier scores...
[23 May 2020 22:34:03]   Normalizing hidden states...
[23 May 2020 22:34:03]   Calculating top singular vector...
[23 May 2020 22:34:24]   Calculating outlier scores...
[23 May 2020 22:34:24]   --------------------------------------------------
[23 May 2020 22:34:24]   normal
[23 May 2020 22:34:24]   Shape of outlier_scores, poison, indices: (579593,) (579593,) (579593,)
[23 May 2020 22:34:24]   Plotting histogram...
[23 May 2020 22:34:24]   Lower and upper bounds used for histogram: -11.547403335571289 0.43677644133567817
[23 May 2020 22:34:26]   Saved histogram data/java-small/backdoor1/0.1/code2seq/data.train.c2s_detection_results/hist_1. decoder_input_normal.png
[23 May 2020 22:34:26]   Calculating AUC...
[23 May 2020 22:34:27]   Total clean and poisoned points: 525199 54394
[23 May 2020 22:34:28]   AUC: 0.517816373911525
[23 May 2020 22:34:32]   Saved data/java-small/backdoor1/0.1/code2seq/data.train.c2s_detection_results/1. decoder_input_normal_results.json
[23 May 2020 22:34:32]   Recall @1.0x: 10.9 percent  Recall @1.5x: 18.1 percent  Recall @2.0x: 24.6 percent  Recall @2.5x: 29.5 percent  Recall @3.0x: 34.4 percent  
[23 May 2020 22:34:32]   Done!
[23 May 2020 22:34:32]   ____________________________________________________________________________________________________
[23 May 2020 22:34:32]   2. context_vectors_mean
[23 May 2020 22:35:58]   Shape of Matrix M, poison, indices: (579593, 320), (579593,), (579593,)
[23 May 2020 22:35:58]   Calculating outlier scores...
[23 May 2020 22:35:58]   Normalizing hidden states...
[23 May 2020 22:35:59]   Calculating top singular vector...
[23 May 2020 22:36:21]   Calculating outlier scores...
[23 May 2020 22:36:21]   --------------------------------------------------
[23 May 2020 22:36:21]   normal
[23 May 2020 22:36:21]   Shape of outlier_scores, poison, indices: (579593,) (579593,) (579593,)
[23 May 2020 22:36:21]   Plotting histogram...
[23 May 2020 22:36:21]   Lower and upper bounds used for histogram: -12.134223937988281 0.48099362850189215
[23 May 2020 22:36:22]   Saved histogram data/java-small/backdoor1/0.1/code2seq/data.train.c2s_detection_results/hist_2. context_vectors_mean_normal.png
[23 May 2020 22:36:22]   Calculating AUC...
[23 May 2020 22:36:24]   Total clean and poisoned points: 525199 54394
[23 May 2020 22:36:25]   AUC: 0.5096382181162835
[23 May 2020 22:36:29]   Saved data/java-small/backdoor1/0.1/code2seq/data.train.c2s_detection_results/2. context_vectors_mean_normal_results.json
[23 May 2020 22:36:29]   Recall @1.0x: 4.5 percent  Recall @1.5x: 15.2 percent  Recall @2.0x: 22.0 percent  Recall @2.5x: 27.5 percent  Recall @3.0x: 31.5 percent  
[23 May 2020 22:36:29]   Done!
[23 May 2020 22:36:29]   ____________________________________________________________________________________________________
[23 May 2020 22:36:29]   3. context_vectors_all
[23 May 2020 22:43:12]   Shape of Matrix M, poison, indices: (2027326, 320), (2027326,), (2027326,)
[23 May 2020 22:43:12]   Calculating outlier scores...
[23 May 2020 22:43:12]   Normalizing hidden states...
[23 May 2020 22:43:14]   Calculating top singular vector...
[23 May 2020 22:45:06]   Calculating outlier scores...
[23 May 2020 22:45:13]   --------------------------------------------------
[23 May 2020 22:45:13]   max
[23 May 2020 22:45:13]   Shape of outlier_scores, poison, indices: (579593,) (579593,) (579593,)
[23 May 2020 22:45:13]   Plotting histogram...
[23 May 2020 22:45:13]   Lower and upper bounds used for histogram: -5.992690563201904 1.781277632713318
[23 May 2020 22:45:14]   Saved histogram data/java-small/backdoor1/0.1/code2seq/data.train.c2s_detection_results/hist_3. context_vectors_all_max.png
[23 May 2020 22:45:14]   Calculating AUC...
[23 May 2020 22:45:15]   Total clean and poisoned points: 525199 54394
[23 May 2020 22:45:16]   AUC: 0.998437667821129
[23 May 2020 22:45:20]   Saved data/java-small/backdoor1/0.1/code2seq/data.train.c2s_detection_results/3. context_vectors_all_max_results.json
[23 May 2020 22:45:20]   Recall @1.0x: 99.4 percent  Recall @1.5x: 99.6 percent  Recall @2.0x: 99.7 percent  Recall @2.5x: 99.7 percent  Recall @3.0x: 99.8 percent  
[23 May 2020 22:45:21]   Done!
