[20 May 2020 09:41:38]   Namespace(backdoor=6, batch_size=256, data_path=None, load_path='trained_models/java-small/code2seq/backdoor6_0.1/model_best', poison_ratio=0.1, release=None, save_path_prefix=None, test_path='data/java-small/backdoor6/0.1/code2seq/data.train.c2s')
[20 May 2020 09:41:38]   
[20 May 2020 09:41:38]   Loading dictionaries from: trained_models/java-small/code2seq/backdoor6_0.1/model_best
[20 May 2020 09:41:38]   
[20 May 2020 09:41:38]   Done loading dictionaries
[20 May 2020 09:41:38]   
[20 May 2020 09:41:38]   Created model
[20 May 2020 09:41:38]   
[20 May 2020 09:41:38]   Indexed
[20 May 2020 09:41:38]   
[20 May 2020 09:41:42]   Done loading model
[20 May 2020 09:41:42]   
[20 May 2020 09:42:12]   Processed 50 batches, 12800 data points
[20 May 2020 09:42:12]   
[20 May 2020 09:42:39]   Processed 100 batches, 25600 data points
[20 May 2020 09:42:39]   
[20 May 2020 09:43:06]   Processed 150 batches, 38400 data points
[20 May 2020 09:43:06]   
[20 May 2020 09:43:34]   Processed 200 batches, 51200 data points
[20 May 2020 09:43:34]   
[20 May 2020 09:44:02]   Processed 250 batches, 64000 data points
[20 May 2020 09:44:02]   
[20 May 2020 09:44:29]   Processed 300 batches, 76800 data points
[20 May 2020 09:44:29]   
[20 May 2020 09:44:57]   Processed 350 batches, 89600 data points
[20 May 2020 09:44:57]   
[20 May 2020 09:45:24]   Processed 400 batches, 102400 data points
[20 May 2020 09:45:24]   
[20 May 2020 09:45:52]   Processed 450 batches, 115200 data points
[20 May 2020 09:45:52]   
[20 May 2020 09:46:20]   Processed 500 batches, 128000 data points
[20 May 2020 09:46:20]   
[20 May 2020 09:46:48]   Processed 550 batches, 140800 data points
[20 May 2020 09:46:48]   
[20 May 2020 09:47:16]   Processed 600 batches, 153600 data points
[20 May 2020 09:47:16]   
[20 May 2020 09:47:45]   Processed 650 batches, 166400 data points
[20 May 2020 09:47:45]   
[20 May 2020 09:48:13]   Processed 700 batches, 179200 data points
[20 May 2020 09:48:13]   
[20 May 2020 09:48:41]   Processed 750 batches, 192000 data points
[20 May 2020 09:48:41]   
[20 May 2020 09:49:10]   Processed 800 batches, 204800 data points
[20 May 2020 09:49:10]   
[20 May 2020 09:49:38]   Processed 850 batches, 217600 data points
[20 May 2020 09:49:38]   
[20 May 2020 09:50:06]   Processed 900 batches, 230400 data points
[20 May 2020 09:50:06]   
[20 May 2020 09:50:34]   Processed 950 batches, 243200 data points
[20 May 2020 09:50:34]   
[20 May 2020 09:51:03]   Processed 1000 batches, 256000 data points
[20 May 2020 09:51:03]   
[20 May 2020 09:51:31]   Processed 1050 batches, 268800 data points
[20 May 2020 09:51:31]   
[20 May 2020 09:51:59]   Processed 1100 batches, 281600 data points
[20 May 2020 09:51:59]   
[20 May 2020 09:52:28]   Processed 1150 batches, 294400 data points
[20 May 2020 09:52:28]   
[20 May 2020 09:52:56]   Processed 1200 batches, 307200 data points
[20 May 2020 09:52:56]   
[20 May 2020 09:53:24]   Processed 1250 batches, 320000 data points
[20 May 2020 09:53:24]   
[20 May 2020 09:53:53]   Processed 1300 batches, 332800 data points
[20 May 2020 09:53:53]   
[20 May 2020 09:54:22]   Processed 1350 batches, 345600 data points
[20 May 2020 09:54:22]   
[20 May 2020 09:54:49]   Processed 1400 batches, 358400 data points
[20 May 2020 09:54:49]   
[20 May 2020 09:55:18]   Processed 1450 batches, 371200 data points
[20 May 2020 09:55:18]   
[20 May 2020 09:55:47]   Processed 1500 batches, 384000 data points
[20 May 2020 09:55:47]   
[20 May 2020 09:56:14]   Processed 1550 batches, 396800 data points
[20 May 2020 09:56:14]   
[20 May 2020 09:56:43]   Processed 1600 batches, 409600 data points
[20 May 2020 09:56:43]   
[20 May 2020 09:57:11]   Processed 1650 batches, 422400 data points
[20 May 2020 09:57:11]   
[20 May 2020 09:57:39]   Processed 1700 batches, 435200 data points
[20 May 2020 09:57:39]   
[20 May 2020 09:58:08]   Processed 1750 batches, 448000 data points
[20 May 2020 09:58:08]   
[20 May 2020 09:58:36]   Processed 1800 batches, 460800 data points
[20 May 2020 09:58:36]   
[20 May 2020 09:59:05]   Processed 1850 batches, 473600 data points
[20 May 2020 09:59:05]   
[20 May 2020 09:59:33]   Processed 1900 batches, 486400 data points
[20 May 2020 09:59:33]   
[20 May 2020 10:00:01]   Processed 1950 batches, 499200 data points
[20 May 2020 10:00:01]   
[20 May 2020 10:00:30]   Processed 2000 batches, 512000 data points
[20 May 2020 10:00:30]   
[20 May 2020 10:00:58]   Processed 2050 batches, 524800 data points
[20 May 2020 10:00:58]   
[20 May 2020 10:01:26]   Processed 2100 batches, 537600 data points
[20 May 2020 10:01:26]   
[20 May 2020 10:01:54]   Processed 2150 batches, 550400 data points
[20 May 2020 10:01:54]   
[20 May 2020 10:02:22]   Processed 2200 batches, 563200 data points
[20 May 2020 10:02:22]   
[20 May 2020 10:02:50]   Processed 2250 batches, 576000 data points
[20 May 2020 10:02:50]   
[20 May 2020 10:02:58]   Skipped 3677 points
[20 May 2020 10:02:58]   
[20 May 2020 10:02:58]   Skipped 0 points for inf/nan
[20 May 2020 10:02:58]   
[20 May 2020 10:02:58]   Done getting hidden states
[20 May 2020 10:02:58]   
[20 May 2020 10:02:58]   Time elapsed: 0h21m14s
[20 May 2020 10:02:58]   
[20 May 2020 10:02:58]   Length of all_data: 576069
[20 May 2020 10:02:58]   
[20 May 2020 12:50:19]   Namespace(backdoor=6, batch_size=256, data_path=None, load_path='trained_models/java-small/code2seq/backdoor6_0.1/model_best', poison_ratio=0.1, release=None, save_path_prefix=None, test_path='data/java-small/backdoor6/0.1/code2seq/data.train.c2s')
[20 May 2020 12:50:19]   
[20 May 2020 12:50:19]   Loading dictionaries from: trained_models/java-small/code2seq/backdoor6_0.1/model_best
[20 May 2020 12:50:19]   
[20 May 2020 12:50:19]   Done loading dictionaries
[20 May 2020 12:50:19]   
[20 May 2020 12:50:19]   Created model
[20 May 2020 12:50:19]   
[20 May 2020 12:50:19]   Indexed
[20 May 2020 12:50:19]   
[20 May 2020 12:50:24]   Done loading model
[20 May 2020 12:50:24]   
[20 May 2020 12:50:53]   Processed 50 batches, 12800 data points
[20 May 2020 12:50:53]   
[20 May 2020 12:51:20]   Processed 100 batches, 25600 data points
[20 May 2020 12:51:20]   
[20 May 2020 12:51:47]   Processed 150 batches, 38400 data points
[20 May 2020 12:51:47]   
[20 May 2020 12:52:13]   Processed 200 batches, 51200 data points
[20 May 2020 12:52:13]   
[20 May 2020 12:52:41]   Processed 250 batches, 64000 data points
[20 May 2020 12:52:41]   
[20 May 2020 12:53:07]   Processed 300 batches, 76800 data points
[20 May 2020 12:53:07]   
[20 May 2020 12:53:34]   Processed 350 batches, 89600 data points
[20 May 2020 12:53:34]   
[20 May 2020 12:54:02]   Processed 400 batches, 102400 data points
[20 May 2020 12:54:02]   
[20 May 2020 12:54:29]   Processed 450 batches, 115200 data points
[20 May 2020 12:54:29]   
[20 May 2020 12:54:56]   Processed 500 batches, 128000 data points
[20 May 2020 12:54:56]   
[20 May 2020 12:55:24]   Processed 550 batches, 140800 data points
[20 May 2020 12:55:24]   
[20 May 2020 12:55:51]   Processed 600 batches, 153600 data points
[20 May 2020 12:55:51]   
[20 May 2020 12:56:18]   Processed 650 batches, 166400 data points
[20 May 2020 12:56:18]   
[20 May 2020 12:56:45]   Processed 700 batches, 179200 data points
[20 May 2020 12:56:45]   
[20 May 2020 12:57:13]   Processed 750 batches, 192000 data points
[20 May 2020 12:57:13]   
[20 May 2020 12:57:40]   Processed 800 batches, 204800 data points
[20 May 2020 12:57:40]   
[20 May 2020 12:58:07]   Processed 850 batches, 217600 data points
[20 May 2020 12:58:07]   
[20 May 2020 12:58:35]   Processed 900 batches, 230400 data points
[20 May 2020 12:58:35]   
[20 May 2020 12:59:03]   Processed 950 batches, 243200 data points
[20 May 2020 12:59:03]   
[20 May 2020 12:59:31]   Processed 1000 batches, 256000 data points
[20 May 2020 12:59:31]   
[20 May 2020 12:59:59]   Processed 1050 batches, 268800 data points
[20 May 2020 12:59:59]   
[20 May 2020 13:00:27]   Processed 1100 batches, 281600 data points
[20 May 2020 13:00:27]   
[20 May 2020 13:00:55]   Processed 1150 batches, 294400 data points
[20 May 2020 13:00:55]   
[20 May 2020 13:01:22]   Processed 1200 batches, 307200 data points
[20 May 2020 13:01:22]   
[20 May 2020 13:01:49]   Processed 1250 batches, 320000 data points
[20 May 2020 13:01:49]   
[20 May 2020 13:02:16]   Processed 1300 batches, 332800 data points
[20 May 2020 13:02:16]   
[20 May 2020 13:02:45]   Processed 1350 batches, 345600 data points
[20 May 2020 13:02:45]   
[20 May 2020 13:03:12]   Processed 1400 batches, 358400 data points
[20 May 2020 13:03:12]   
[20 May 2020 13:03:40]   Processed 1450 batches, 371200 data points
[20 May 2020 13:03:40]   
[20 May 2020 13:04:08]   Processed 1500 batches, 384000 data points
[20 May 2020 13:04:08]   
[20 May 2020 13:04:36]   Processed 1550 batches, 396800 data points
[20 May 2020 13:04:36]   
[20 May 2020 13:05:04]   Processed 1600 batches, 409600 data points
[20 May 2020 13:05:04]   
[20 May 2020 13:05:31]   Processed 1650 batches, 422400 data points
[20 May 2020 13:05:31]   
[20 May 2020 13:05:58]   Processed 1700 batches, 435200 data points
[20 May 2020 13:05:58]   
[20 May 2020 13:06:26]   Processed 1750 batches, 448000 data points
[20 May 2020 13:06:26]   
[20 May 2020 13:06:54]   Processed 1800 batches, 460800 data points
[20 May 2020 13:06:54]   
[20 May 2020 13:07:22]   Processed 1850 batches, 473600 data points
[20 May 2020 13:07:22]   
[20 May 2020 13:07:49]   Processed 1900 batches, 486400 data points
[20 May 2020 13:07:49]   
[20 May 2020 13:08:15]   Processed 1950 batches, 499200 data points
[20 May 2020 13:08:15]   
[20 May 2020 13:08:43]   Processed 2000 batches, 512000 data points
[20 May 2020 13:08:43]   
[20 May 2020 13:09:11]   Processed 2050 batches, 524800 data points
[20 May 2020 13:09:11]   
[20 May 2020 13:09:39]   Processed 2100 batches, 537600 data points
[20 May 2020 13:09:39]   
[20 May 2020 13:10:07]   Processed 2150 batches, 550400 data points
[20 May 2020 13:10:07]   
[20 May 2020 13:10:34]   Processed 2200 batches, 563200 data points
[20 May 2020 13:10:34]   
[20 May 2020 13:11:02]   Processed 2250 batches, 576000 data points
[20 May 2020 13:11:02]   
[20 May 2020 13:11:11]   Skipped 3677 points
[20 May 2020 13:11:11]   
[20 May 2020 13:11:11]   Skipped 0 points for inf/nan
[20 May 2020 13:11:11]   
[20 May 2020 13:11:11]   Done getting hidden states
[20 May 2020 13:11:11]   
[20 May 2020 13:11:11]   Time elapsed: 0h20m45s
[20 May 2020 13:11:11]   
[20 May 2020 13:11:11]   Length of all_data: 576069
[20 May 2020 13:11:11]   
[20 May 2020 13:11:11]   ____________________________________________________________________________________________________
[20 May 2020 13:11:11]   
[20 May 2020 13:11:11]   1. decoder_input
[20 May 2020 13:11:11]   
[20 May 2020 13:11:14]   Shape of Matrix M, poison, indices:
[20 May 2020 13:11:14]    
[20 May 2020 13:11:14]   (576069, 320)
[20 May 2020 13:11:14]    
[20 May 2020 13:11:14]   (576069,)
[20 May 2020 13:11:14]    
[20 May 2020 13:11:14]   (576069,)
[20 May 2020 13:11:14]   
[20 May 2020 13:11:14]   Calculating outlier scores...
[20 May 2020 13:11:14]   
[20 May 2020 13:11:14]   Normalizing hidden states...
[20 May 2020 13:11:14]   
[20 May 2020 13:11:14]   Calculating top singular vector...
[20 May 2020 13:11:14]   
[20 May 2020 13:11:50]   Calculating outlier scores...
[20 May 2020 13:11:50]   
[20 May 2020 13:11:51]   --------------------------------------------------
[20 May 2020 13:11:51]   
[20 May 2020 13:11:51]   normal
[20 May 2020 13:11:51]   
[20 May 2020 13:11:51]   Shape of outlier_scores, poison, indices: (576069,) (576069,) (576069,)
[20 May 2020 13:11:51]   
[20 May 2020 13:11:51]   Plotting histogram...
[20 May 2020 13:11:51]   
[20 May 2020 13:11:51]   Lower and upper bounds used for histogram:
[20 May 2020 13:11:51]    
[20 May 2020 13:11:51]   -11.749914169311523
[20 May 2020 13:11:51]    
[20 May 2020 13:11:51]   -0.025139019638300043
[20 May 2020 13:11:51]   
[20 May 2020 13:11:52]   Saved histogram
[20 May 2020 13:11:52]    
[20 May 2020 13:11:52]   data/java-small/backdoor6/0.1/code2seq/data.train.c2s_detection_results/hist_1. decoder_input_normal.png
[20 May 2020 13:11:52]   
[20 May 2020 13:11:52]   Calculating AUC...
[20 May 2020 13:11:52]   
[20 May 2020 13:11:54]   Total clean and poisoned points:
[20 May 2020 13:11:54]    
[20 May 2020 13:11:54]   521710
[20 May 2020 13:11:54]    
[20 May 2020 13:11:54]   54359
[20 May 2020 13:11:54]   
[20 May 2020 13:11:54]   AUC:
[20 May 2020 13:11:54]    
[20 May 2020 13:11:54]   0.36104096268359825
[20 May 2020 13:11:54]   
[20 May 2020 13:11:59]   Saved data/java-small/backdoor6/0.1/code2seq/data.train.c2s_detection_results/1. decoder_input_normal_results.json
[20 May 2020 13:11:59]   
[20 May 2020 13:11:59]   Recall @1x: 2.00
[20 May 2020 13:11:59]   
[20 May 2020 13:11:59]   Recall @2x: 3.79
[20 May 2020 13:11:59]   
[20 May 2020 13:11:59]   Recall @2x: 6.32
[20 May 2020 13:11:59]   
[20 May 2020 13:11:59]   Recall @2x: 9.25
[20 May 2020 13:11:59]   
[20 May 2020 13:11:59]   Recall @3x: 12.67
[20 May 2020 13:11:59]   
[20 May 2020 13:11:59]   Done!
[20 May 2020 13:11:59]   
[20 May 2020 13:11:59]   ____________________________________________________________________________________________________
[20 May 2020 13:11:59]   
[20 May 2020 13:11:59]   2. context_vectors_mean
[20 May 2020 13:11:59]   
[20 May 2020 13:12:09]   Shape of Matrix M, poison, indices:
[20 May 2020 13:12:09]    
[20 May 2020 13:12:09]   (576069, 320)
[20 May 2020 13:12:09]    
[20 May 2020 13:12:09]   (576069,)
[20 May 2020 13:12:09]    
[20 May 2020 13:12:09]   (576069,)
[20 May 2020 13:12:09]   
[20 May 2020 13:12:09]   Calculating outlier scores...
[20 May 2020 13:12:09]   
[20 May 2020 13:12:09]   Normalizing hidden states...
[20 May 2020 13:12:09]   
[20 May 2020 13:12:09]   Calculating top singular vector...
[20 May 2020 13:12:09]   
[20 May 2020 13:12:45]   Calculating outlier scores...
[20 May 2020 13:12:45]   
[20 May 2020 13:12:45]   --------------------------------------------------
[20 May 2020 13:12:45]   
[20 May 2020 13:12:45]   normal
[20 May 2020 13:12:45]   
[20 May 2020 13:12:45]   Shape of outlier_scores, poison, indices: (576069,) (576069,) (576069,)
[20 May 2020 13:12:45]   
[20 May 2020 13:12:45]   Plotting histogram...
[20 May 2020 13:12:45]   
[20 May 2020 13:12:46]   Lower and upper bounds used for histogram:
[20 May 2020 13:12:46]    
[20 May 2020 13:12:46]   -12.037813186645508
[20 May 2020 13:12:46]    
[20 May 2020 13:12:46]   0.15077552795410132
[20 May 2020 13:12:46]   
[20 May 2020 13:12:47]   Saved histogram
[20 May 2020 13:12:47]    
[20 May 2020 13:12:47]   data/java-small/backdoor6/0.1/code2seq/data.train.c2s_detection_results/hist_2. context_vectors_mean_normal.png
[20 May 2020 13:12:47]   
[20 May 2020 13:12:47]   Calculating AUC...
[20 May 2020 13:12:47]   
[20 May 2020 13:12:49]   Total clean and poisoned points:
[20 May 2020 13:12:49]    
[20 May 2020 13:12:49]   521710
[20 May 2020 13:12:49]    
[20 May 2020 13:12:49]   54359
[20 May 2020 13:12:49]   
[20 May 2020 13:12:49]   AUC:
[20 May 2020 13:12:49]    
[20 May 2020 13:12:49]   0.4662948563543673
[20 May 2020 13:12:49]   
[20 May 2020 13:12:54]   Saved data/java-small/backdoor6/0.1/code2seq/data.train.c2s_detection_results/2. context_vectors_mean_normal_results.json
[20 May 2020 13:12:54]   
[20 May 2020 13:12:54]   Recall @1x: 5.35
[20 May 2020 13:12:54]   
[20 May 2020 13:12:54]   Recall @2x: 10.44
[20 May 2020 13:12:54]   
[20 May 2020 13:12:54]   Recall @2x: 15.37
[20 May 2020 13:12:54]   
[20 May 2020 13:12:54]   Recall @2x: 20.28
[20 May 2020 13:12:54]   
[20 May 2020 13:12:54]   Recall @3x: 25.27
[20 May 2020 13:12:54]   
[20 May 2020 13:12:54]   Done!
[20 May 2020 13:12:54]   
[20 May 2020 13:12:54]   ____________________________________________________________________________________________________
[20 May 2020 13:12:54]   
[20 May 2020 13:12:54]   3. context_vectors_all
[20 May 2020 13:12:54]   
[20 May 2020 13:13:08]   Shape of Matrix M, poison, indices:
[20 May 2020 13:13:08]    
[20 May 2020 13:13:08]   (1536090, 320)
[20 May 2020 13:13:08]    
[20 May 2020 13:13:08]   (1536090,)
[20 May 2020 13:13:08]    
[20 May 2020 13:13:08]   (1536090,)
[20 May 2020 13:13:08]   
[20 May 2020 13:13:08]   Calculating outlier scores...
[20 May 2020 13:13:08]   
[20 May 2020 13:13:08]   Normalizing hidden states...
[20 May 2020 13:13:08]   
[20 May 2020 13:13:11]   Calculating top singular vector...
[20 May 2020 13:13:11]   
[20 May 2020 13:46:02]   Calculating outlier scores...
[20 May 2020 13:46:02]   
[20 May 2020 13:46:09]   --------------------------------------------------
[20 May 2020 13:46:09]   
[20 May 2020 13:46:09]   max
[20 May 2020 13:46:09]   
[20 May 2020 13:46:09]   Shape of outlier_scores, poison, indices: (576069,) (576069,) (576069,)
[20 May 2020 13:46:09]   
[20 May 2020 13:46:09]   Plotting histogram...
[20 May 2020 13:46:09]   
[20 May 2020 13:46:09]   Lower and upper bounds used for histogram:
[20 May 2020 13:46:09]    
[20 May 2020 13:46:09]   -8.925395965576172
[20 May 2020 13:46:09]    
[20 May 2020 13:46:09]   0.4437806308269501
[20 May 2020 13:46:09]   
[20 May 2020 13:46:11]   Saved histogram
[20 May 2020 13:46:11]    
[20 May 2020 13:46:11]   data/java-small/backdoor6/0.1/code2seq/data.train.c2s_detection_results/hist_3. context_vectors_all_max.png
[20 May 2020 13:46:11]   
[20 May 2020 13:46:11]   Calculating AUC...
[20 May 2020 13:46:11]   
[20 May 2020 13:46:12]   Total clean and poisoned points:
[20 May 2020 13:46:12]    
[20 May 2020 13:46:12]   521710
[20 May 2020 13:46:12]    
[20 May 2020 13:46:12]   54359
[20 May 2020 13:46:12]   
[20 May 2020 13:46:13]   AUC:
[20 May 2020 13:46:13]    
[20 May 2020 13:46:13]   0.5065420228878701
[20 May 2020 13:46:13]   
[20 May 2020 13:46:17]   Saved data/java-small/backdoor6/0.1/code2seq/data.train.c2s_detection_results/3. context_vectors_all_max_results.json
[20 May 2020 13:46:17]   
[20 May 2020 13:46:17]   Recall @1x: 8.29
[20 May 2020 13:46:17]   
[20 May 2020 13:46:17]   Recall @2x: 13.45
[20 May 2020 13:46:17]   
[20 May 2020 13:46:17]   Recall @2x: 18.38
[20 May 2020 13:46:17]   
[20 May 2020 13:46:17]   Recall @2x: 23.39
[20 May 2020 13:46:17]   
[20 May 2020 13:46:17]   Recall @3x: 28.72
[20 May 2020 13:46:17]   
[20 May 2020 13:46:17]   Done!
[20 May 2020 13:46:17]   
[20 May 2020 13:46:17]   --------------------------------------------------
[20 May 2020 13:46:17]   
[20 May 2020 13:46:17]   min
[20 May 2020 13:46:17]   
[20 May 2020 13:46:17]   Shape of outlier_scores, poison, indices: (576069,) (576069,) (576069,)
[20 May 2020 13:46:17]   
[20 May 2020 13:46:17]   Plotting histogram...
[20 May 2020 13:46:17]   
[20 May 2020 13:46:18]   Lower and upper bounds used for histogram:
[20 May 2020 13:46:18]    
[20 May 2020 13:46:18]   -12.438650131225586
[20 May 2020 13:46:18]    
[20 May 2020 13:46:18]   0.11481728106737135
[20 May 2020 13:46:18]   
[20 May 2020 13:46:19]   Saved histogram
[20 May 2020 13:46:19]    
[20 May 2020 13:46:19]   data/java-small/backdoor6/0.1/code2seq/data.train.c2s_detection_results/hist_3. context_vectors_all_min.png
[20 May 2020 13:46:19]   
[20 May 2020 13:46:19]   Calculating AUC...
[20 May 2020 13:46:19]   
[20 May 2020 13:46:20]   Total clean and poisoned points:
[20 May 2020 13:46:20]    
[20 May 2020 13:46:20]   521710
[20 May 2020 13:46:20]    
[20 May 2020 13:46:20]   54359
[20 May 2020 13:46:20]   
[20 May 2020 13:46:21]   AUC:
[20 May 2020 13:46:21]    
[20 May 2020 13:46:21]   0.40211163247848264
[20 May 2020 13:46:21]   
[20 May 2020 13:46:25]   Saved data/java-small/backdoor6/0.1/code2seq/data.train.c2s_detection_results/3. context_vectors_all_min_results.json
[20 May 2020 13:46:25]   
[20 May 2020 13:46:25]   Recall @1x: 2.52
[20 May 2020 13:46:25]   
[20 May 2020 13:46:25]   Recall @2x: 5.42
[20 May 2020 13:46:25]   
[20 May 2020 13:46:25]   Recall @2x: 9.33
[20 May 2020 13:46:25]   
[20 May 2020 13:46:25]   Recall @2x: 13.37
[20 May 2020 13:46:25]   
[20 May 2020 13:46:25]   Recall @3x: 17.77
[20 May 2020 13:46:25]   
[20 May 2020 13:46:25]   Done!
[20 May 2020 13:46:25]   
[20 May 2020 13:46:25]   --------------------------------------------------
[20 May 2020 13:46:25]   
[20 May 2020 13:46:25]   mean
[20 May 2020 13:46:25]   
[20 May 2020 13:46:25]   Shape of outlier_scores, poison, indices: (576069,) (576069,) (576069,)
[20 May 2020 13:46:25]   
[20 May 2020 13:46:25]   Plotting histogram...
[20 May 2020 13:46:25]   
[20 May 2020 13:46:25]   Lower and upper bounds used for histogram:
[20 May 2020 13:46:25]    
[20 May 2020 13:46:25]   -8.925396312007912
[20 May 2020 13:46:25]    
[20 May 2020 13:46:25]   0.30191026132329213
[20 May 2020 13:46:25]   
[20 May 2020 13:46:26]   Saved histogram
[20 May 2020 13:46:26]    
[20 May 2020 13:46:26]   data/java-small/backdoor6/0.1/code2seq/data.train.c2s_detection_results/hist_3. context_vectors_all_mean.png
[20 May 2020 13:46:26]   
[20 May 2020 13:46:26]   Calculating AUC...
[20 May 2020 13:46:26]   
[20 May 2020 13:46:28]   Total clean and poisoned points:
[20 May 2020 13:46:28]    
[20 May 2020 13:46:28]   521710
[20 May 2020 13:46:28]    
[20 May 2020 13:46:28]   54359
[20 May 2020 13:46:28]   
[20 May 2020 13:46:29]   AUC:
[20 May 2020 13:46:29]    
[20 May 2020 13:46:29]   0.46906473879730315
[20 May 2020 13:46:29]   
[20 May 2020 13:46:33]   Saved data/java-small/backdoor6/0.1/code2seq/data.train.c2s_detection_results/3. context_vectors_all_mean_results.json
[20 May 2020 13:46:33]   
[20 May 2020 13:46:33]   Recall @1x: 5.64
[20 May 2020 13:46:33]   
[20 May 2020 13:46:33]   Recall @2x: 10.71
[20 May 2020 13:46:33]   
[20 May 2020 13:46:33]   Recall @2x: 15.12
[20 May 2020 13:46:33]   
[20 May 2020 13:46:33]   Recall @2x: 19.79
[20 May 2020 13:46:33]   
[20 May 2020 13:46:33]   Recall @3x: 24.50
[20 May 2020 13:46:33]   
[20 May 2020 13:46:33]   Done!
[20 May 2020 13:46:33]   
[20 May 2020 21:40:59]   Namespace(backdoor=6, batch_size=256, data_path=None, load_path='trained_models/java-small/code2seq/backdoor6_0.1/model_best', poison_ratio=0.1, release=None, reuse=False, save_path_prefix=None, test_path='data/java-small/backdoor6/0.1/code2seq/data.train.c2s')
[20 May 2020 21:40:59]   Loading dictionaries from: trained_models/java-small/code2seq/backdoor6_0.1/model_best
[20 May 2020 21:40:59]   Done loading dictionaries
[20 May 2020 21:40:59]   Created model
[20 May 2020 21:40:59]   Indexed
[20 May 2020 21:41:03]   Done loading model
[20 May 2020 21:41:34]   Processed 50 batches, 12800 data points
[20 May 2020 21:42:04]   Processed 100 batches, 25600 data points
[20 May 2020 21:42:34]   Processed 150 batches, 38400 data points
[20 May 2020 21:43:03]   Processed 200 batches, 51200 data points
[20 May 2020 21:43:34]   Processed 250 batches, 64000 data points
[20 May 2020 21:44:03]   Processed 300 batches, 76800 data points
[20 May 2020 21:44:34]   Processed 350 batches, 89600 data points
[20 May 2020 21:45:05]   Processed 400 batches, 102400 data points
[20 May 2020 21:45:35]   Processed 450 batches, 115200 data points
[20 May 2020 21:46:05]   Processed 500 batches, 128000 data points
[20 May 2020 21:46:36]   Processed 550 batches, 140800 data points
[20 May 2020 21:47:06]   Processed 600 batches, 153600 data points
[20 May 2020 21:47:37]   Processed 650 batches, 166400 data points
[20 May 2020 21:48:08]   Processed 700 batches, 179200 data points
[20 May 2020 21:48:38]   Processed 750 batches, 192000 data points
[20 May 2020 21:49:08]   Processed 800 batches, 204800 data points
[20 May 2020 21:49:38]   Processed 850 batches, 217600 data points
[20 May 2020 21:50:09]   Processed 900 batches, 230400 data points
[20 May 2020 21:50:39]   Processed 950 batches, 243200 data points
[20 May 2020 21:51:10]   Processed 1000 batches, 256000 data points
[20 May 2020 21:51:40]   Processed 1050 batches, 268800 data points
[20 May 2020 21:52:11]   Processed 1100 batches, 281600 data points
[20 May 2020 21:52:41]   Processed 1150 batches, 294400 data points
[20 May 2020 21:53:12]   Processed 1200 batches, 307200 data points
[20 May 2020 21:53:42]   Processed 1250 batches, 320000 data points
[20 May 2020 21:54:13]   Processed 1300 batches, 332800 data points
[20 May 2020 21:54:44]   Processed 1350 batches, 345600 data points
[20 May 2020 21:55:15]   Processed 1400 batches, 358400 data points
[20 May 2020 21:55:45]   Processed 1450 batches, 371200 data points
[20 May 2020 21:56:16]   Processed 1500 batches, 384000 data points
[20 May 2020 21:56:47]   Processed 1550 batches, 396800 data points
[20 May 2020 21:57:18]   Processed 1600 batches, 409600 data points
[20 May 2020 21:57:48]   Processed 1650 batches, 422400 data points
[20 May 2020 21:58:19]   Processed 1700 batches, 435200 data points
[20 May 2020 21:58:50]   Processed 1750 batches, 448000 data points
[20 May 2020 21:59:21]   Processed 1800 batches, 460800 data points
[20 May 2020 21:59:52]   Processed 1850 batches, 473600 data points
[20 May 2020 22:00:24]   Processed 1900 batches, 486400 data points
[20 May 2020 22:00:54]   Processed 1950 batches, 499200 data points
[20 May 2020 22:01:25]   Processed 2000 batches, 512000 data points
[20 May 2020 22:01:55]   Processed 2050 batches, 524800 data points
[20 May 2020 22:02:27]   Processed 2100 batches, 537600 data points
[20 May 2020 22:02:58]   Processed 2150 batches, 550400 data points
[20 May 2020 22:03:28]   Processed 2200 batches, 563200 data points
[20 May 2020 22:03:59]   Processed 2250 batches, 576000 data points
[20 May 2020 22:04:07]   Skipped 0 points
[20 May 2020 22:04:07]   Skipped 0 points for inf/nan
[20 May 2020 22:04:07]   Done getting hidden states
[20 May 2020 22:04:07]   Time elapsed: 0h23m3s
[20 May 2020 22:04:07]   Length of all_data: 579746
[20 May 2020 22:04:07]   ____________________________________________________________________________________________________
[20 May 2020 22:04:07]   1. decoder_input
[20 May 2020 22:05:15]   Shape of Matrix M, poison, indices:
[20 May 2020 22:05:15]    
[20 May 2020 22:05:15]   (579746, 320)
[20 May 2020 22:05:15]    
[20 May 2020 22:05:15]   (579746,)
[20 May 2020 22:05:15]    
[20 May 2020 22:05:15]   (579746,)
[20 May 2020 22:05:15]   Calculating outlier scores...
[20 May 2020 22:05:15]   (579746, 320)
[20 May 2020 22:05:15]    
[20 May 2020 22:05:15]   True
[20 May 2020 22:05:15]   Normalizing hidden states...
[20 May 2020 22:05:15]   (579746, 320)
[20 May 2020 22:05:15]    
[20 May 2020 22:05:15]   True
[20 May 2020 22:05:15]   Calculating top singular vector...
[20 May 2020 22:05:50]   Calculating outlier scores...
[20 May 2020 22:05:50]   --------------------------------------------------
[20 May 2020 22:05:50]   normal
[20 May 2020 22:05:50]   Shape of outlier_scores, poison, indices: (579746,) (579746,) (579746,)
[20 May 2020 22:05:50]   Plotting histogram...
[20 May 2020 22:05:50]   Lower and upper bounds used for histogram:
[20 May 2020 22:05:50]    
[20 May 2020 22:05:50]   -10.31585693359375
[20 May 2020 22:05:50]    
[20 May 2020 22:05:50]   0.5798001289367676
[20 May 2020 22:05:51]   Saved histogram
[20 May 2020 22:05:51]    
[20 May 2020 22:05:51]   data/java-small/backdoor6/0.1/code2seq/data.train.c2s_detection_results/hist_1. decoder_input_normal.png
[20 May 2020 22:05:51]   Calculating AUC...
[20 May 2020 22:05:53]   Total clean and poisoned points:
[20 May 2020 22:05:53]    
[20 May 2020 22:05:53]   525387
[20 May 2020 22:05:53]    
[20 May 2020 22:05:53]   54359
[20 May 2020 22:05:54]   AUC:
[20 May 2020 22:05:54]    
[20 May 2020 22:05:54]   0.3368506615438315
[20 May 2020 22:05:58]   Saved data/java-small/backdoor6/0.1/code2seq/data.train.c2s_detection_results/1. decoder_input_normal_results.json
[20 May 2020 22:05:58]   Recall @1.0x: 0.03
[20 May 2020 22:05:58]   Recall @1.5x: 0.90
[20 May 2020 22:05:58]   Recall @2.0x: 2.67
[20 May 2020 22:05:58]   Recall @2.5x: 5.56
[20 May 2020 22:05:58]   Recall @3.0x: 8.72
[20 May 2020 22:05:58]   Done!
[20 May 2020 22:05:58]   ____________________________________________________________________________________________________
[20 May 2020 22:05:58]   2. context_vectors_mean
[20 May 2020 22:07:24]   Shape of Matrix M, poison, indices:
[20 May 2020 22:07:24]    
[20 May 2020 22:07:24]   (579746, 320)
[20 May 2020 22:07:24]    
[20 May 2020 22:07:24]   (579746,)
[20 May 2020 22:07:24]    
[20 May 2020 22:07:24]   (579746,)
[20 May 2020 22:07:24]   Calculating outlier scores...
[20 May 2020 22:07:24]   (579746, 320)
[20 May 2020 22:07:24]    
[20 May 2020 22:07:24]   True
[20 May 2020 22:07:24]   Normalizing hidden states...
[20 May 2020 22:07:24]   (579746, 320)
[20 May 2020 22:07:24]    
[20 May 2020 22:07:24]   True
[20 May 2020 22:07:24]   Calculating top singular vector...
[20 May 2020 22:08:00]   Calculating outlier scores...
[20 May 2020 22:08:00]   --------------------------------------------------
[20 May 2020 22:08:00]   normal
[20 May 2020 22:08:00]   Shape of outlier_scores, poison, indices: (579746,) (579746,) (579746,)
[20 May 2020 22:08:00]   Plotting histogram...
[20 May 2020 22:08:00]   Lower and upper bounds used for histogram:
[20 May 2020 22:08:00]    
[20 May 2020 22:08:00]   -11.574731826782227
[20 May 2020 22:08:00]    
[20 May 2020 22:08:00]   0.5461467802524567
[20 May 2020 22:08:01]   Saved histogram
[20 May 2020 22:08:01]    
[20 May 2020 22:08:01]   data/java-small/backdoor6/0.1/code2seq/data.train.c2s_detection_results/hist_2. context_vectors_mean_normal.png
[20 May 2020 22:08:01]   Calculating AUC...
[20 May 2020 22:08:03]   Total clean and poisoned points:
[20 May 2020 22:08:03]    
[20 May 2020 22:08:03]   525387
[20 May 2020 22:08:03]    
[20 May 2020 22:08:03]   54359
[20 May 2020 22:08:04]   AUC:
[20 May 2020 22:08:04]    
[20 May 2020 22:08:04]   0.4495336660555951
[20 May 2020 22:08:08]   Saved data/java-small/backdoor6/0.1/code2seq/data.train.c2s_detection_results/2. context_vectors_mean_normal_results.json
[20 May 2020 22:08:08]   Recall @1.0x: 6.88
[20 May 2020 22:08:08]   Recall @1.5x: 10.20
[20 May 2020 22:08:08]   Recall @2.0x: 13.51
[20 May 2020 22:08:08]   Recall @2.5x: 17.45
[20 May 2020 22:08:08]   Recall @3.0x: 21.74
[20 May 2020 22:08:08]   Done!
[20 May 2020 22:08:08]   ____________________________________________________________________________________________________
[20 May 2020 22:08:08]   3. context_vectors_all
[20 May 2020 22:14:59]   Shape of Matrix M, poison, indices:
[20 May 2020 22:14:59]    
[20 May 2020 22:14:59]   (2122685, 320)
[20 May 2020 22:14:59]    
[20 May 2020 22:14:59]   (2122685,)
[20 May 2020 22:14:59]    
[20 May 2020 22:14:59]   (2122685,)
[20 May 2020 22:14:59]   Calculating outlier scores...
[20 May 2020 22:14:59]   (2122685, 320)
[20 May 2020 22:14:59]    
[20 May 2020 22:14:59]   True
[20 May 2020 22:14:59]   Normalizing hidden states...
[20 May 2020 22:15:14]   (2122685, 320)
[20 May 2020 22:15:14]    
[20 May 2020 22:15:14]   True
[20 May 2020 22:15:14]   Calculating top singular vector...
[20 May 2020 22:18:28]   Calculating outlier scores...
[20 May 2020 22:18:38]   --------------------------------------------------
[20 May 2020 22:18:38]   max
[20 May 2020 22:18:38]   Shape of outlier_scores, poison, indices: (579746,) (579746,) (579746,)
[20 May 2020 22:18:38]   Plotting histogram...
[20 May 2020 22:18:38]   Lower and upper bounds used for histogram:
[20 May 2020 22:18:38]    
[20 May 2020 22:18:38]   -5.043725967407227
[20 May 2020 22:18:38]    
[20 May 2020 22:18:38]   0.9123760312795639
[20 May 2020 22:18:39]   Saved histogram
[20 May 2020 22:18:39]    
[20 May 2020 22:18:39]   data/java-small/backdoor6/0.1/code2seq/data.train.c2s_detection_results/hist_3. context_vectors_all_max.png
[20 May 2020 22:18:39]   Calculating AUC...
[20 May 2020 22:18:41]   Total clean and poisoned points:
[20 May 2020 22:18:41]    
[20 May 2020 22:18:41]   525387
[20 May 2020 22:18:41]    
[20 May 2020 22:18:41]   54359
[20 May 2020 22:18:42]   AUC:
[20 May 2020 22:18:42]    
[20 May 2020 22:18:42]   0.5385466824882242
[20 May 2020 22:18:46]   Saved data/java-small/backdoor6/0.1/code2seq/data.train.c2s_detection_results/3. context_vectors_all_max_results.json
[20 May 2020 22:18:46]   Recall @1.0x: 9.98
[20 May 2020 22:18:46]   Recall @1.5x: 14.74
[20 May 2020 22:18:46]   Recall @2.0x: 19.66
[20 May 2020 22:18:47]   Recall @2.5x: 24.70
[20 May 2020 22:18:47]   Recall @3.0x: 30.27
[20 May 2020 22:18:47]   Done!
[20 May 2020 22:18:47]   --------------------------------------------------
[20 May 2020 22:18:47]   min
[20 May 2020 22:18:47]   Shape of outlier_scores, poison, indices: (579746,) (579746,) (579746,)
[20 May 2020 22:18:47]   Plotting histogram...
[20 May 2020 22:18:47]   Lower and upper bounds used for histogram:
[20 May 2020 22:18:47]    
[20 May 2020 22:18:47]   -12.543975830078125
[20 May 2020 22:18:47]    
[20 May 2020 22:18:47]   -0.05154576804488897
[20 May 2020 22:18:48]   Saved histogram
[20 May 2020 22:18:48]    
[20 May 2020 22:18:48]   data/java-small/backdoor6/0.1/code2seq/data.train.c2s_detection_results/hist_3. context_vectors_all_min.png
[20 May 2020 22:18:48]   Calculating AUC...
[20 May 2020 22:18:49]   Total clean and poisoned points:
[20 May 2020 22:18:49]    
[20 May 2020 22:18:49]   525387
[20 May 2020 22:18:49]    
[20 May 2020 22:18:49]   54359
[20 May 2020 22:18:50]   AUC:
[20 May 2020 22:18:50]    
[20 May 2020 22:18:50]   0.38317073616917674
[20 May 2020 22:18:55]   Saved data/java-small/backdoor6/0.1/code2seq/data.train.c2s_detection_results/3. context_vectors_all_min_results.json
[20 May 2020 22:18:55]   Recall @1.0x: 2.08
[20 May 2020 22:18:55]   Recall @1.5x: 4.26
[20 May 2020 22:18:55]   Recall @2.0x: 7.21
[20 May 2020 22:18:55]   Recall @2.5x: 10.71
[20 May 2020 22:18:55]   Recall @3.0x: 14.37
[20 May 2020 22:18:55]   Done!
[20 May 2020 22:18:55]   --------------------------------------------------
[20 May 2020 22:18:55]   mean
[20 May 2020 22:18:55]   Shape of outlier_scores, poison, indices: (579746,) (579746,) (579746,)
[20 May 2020 22:18:55]   Plotting histogram...
[20 May 2020 22:18:55]   Lower and upper bounds used for histogram:
[20 May 2020 22:18:55]    
[20 May 2020 22:18:55]   -5.301208103981612
[20 May 2020 22:18:55]    
[20 May 2020 22:18:55]   0.636370602761949
[20 May 2020 22:18:56]   Saved histogram
[20 May 2020 22:18:56]    
[20 May 2020 22:18:56]   data/java-small/backdoor6/0.1/code2seq/data.train.c2s_detection_results/hist_3. context_vectors_all_mean.png
[20 May 2020 22:18:56]   Calculating AUC...
[20 May 2020 22:18:58]   Total clean and poisoned points:
[20 May 2020 22:18:58]    
[20 May 2020 22:18:58]   525387
[20 May 2020 22:18:58]    
[20 May 2020 22:18:58]   54359
[20 May 2020 22:18:59]   AUC:
[20 May 2020 22:18:59]    
[20 May 2020 22:18:59]   0.4857772380195807
[20 May 2020 22:19:04]   Saved data/java-small/backdoor6/0.1/code2seq/data.train.c2s_detection_results/3. context_vectors_all_mean_results.json
[20 May 2020 22:19:04]   Recall @1.0x: 8.49
[20 May 2020 22:19:04]   Recall @1.5x: 11.88
[20 May 2020 22:19:04]   Recall @2.0x: 15.75
[20 May 2020 22:19:04]   Recall @2.5x: 20.25
[20 May 2020 22:19:04]   Recall @3.0x: 25.10
[20 May 2020 22:19:04]   Done!
[20 May 2020 23:37:26]   Namespace(backdoor=6, batch_size=256, data_path=None, load_path='trained_models/java-small/code2seq/backdoor6_0.1/model_best', poison_ratio=0.1, release=None, reuse=True, save_path_prefix=None, test_path='data/java-small/backdoor6/0.1/code2seq/data.train.c2s')
[20 May 2020 23:37:26]   Loading dictionaries from: trained_models/java-small/code2seq/backdoor6_0.1/model_best
[20 May 2020 23:37:26]   Done loading dictionaries
[20 May 2020 23:37:26]   Created model
[20 May 2020 23:37:37]   Length of all_data: 579746
[20 May 2020 23:37:37]   ____________________________________________________________________________________________________
[20 May 2020 23:37:37]   1. decoder_input
[20 May 2020 23:39:11]   Shape of Matrix M, poison, indices: (579746, 320), (579746,), (579746,)
[20 May 2020 23:39:11]   Calculating outlier scores...
[20 May 2020 23:39:11]   Normalizing hidden states...
[20 May 2020 23:39:12]   Calculating top singular vector...
[20 May 2020 23:40:08]   Calculating outlier scores...
[20 May 2020 23:40:08]   --------------------------------------------------
[20 May 2020 23:40:08]   normal
[20 May 2020 23:40:08]   Shape of outlier_scores, poison, indices: (579746,) (579746,) (579746,)
[20 May 2020 23:40:08]   Plotting histogram...
[20 May 2020 23:40:08]   Lower and upper bounds used for histogram: -10.31585693359375 0.5798001289367676
[20 May 2020 23:40:10]   Saved histogram data/java-small/backdoor6/0.1/code2seq/data.train.c2s_detection_results/hist_1. decoder_input_normal.png
[20 May 2020 23:40:10]   Calculating AUC...
[20 May 2020 23:40:12]   Total clean and poisoned points: 525387 54359
[20 May 2020 23:40:12]   AUC: 0.3368506615438315
[20 May 2020 23:40:17]   Saved data/java-small/backdoor6/0.1/code2seq/data.train.c2s_detection_results/1. decoder_input_normal_results.json
[20 May 2020 23:40:17]   Recall @1.0x: 0.03
[20 May 2020 23:40:17]   Recall @1.5x: 0.90
[20 May 2020 23:40:17]   Recall @2.0x: 2.67
[20 May 2020 23:40:17]   Recall @2.5x: 5.56
[20 May 2020 23:40:17]   Recall @3.0x: 8.72
[20 May 2020 23:40:17]   Done!
[20 May 2020 23:40:17]   ____________________________________________________________________________________________________
[20 May 2020 23:40:17]   2. context_vectors_mean
[20 May 2020 23:41:07]   Namespace(backdoor=6, batch_size=256, data_path=None, load_path='trained_models/java-small/code2seq/backdoor6_0.1/model_best', poison_ratio=0.1, release=None, reuse=True, save_path_prefix=None, test_path='data/java-small/backdoor6/0.1/code2seq/data.train.c2s')
[20 May 2020 23:41:07]   Loading dictionaries from: trained_models/java-small/code2seq/backdoor6_0.1/model_best
[20 May 2020 23:41:07]   Done loading dictionaries
[20 May 2020 23:41:07]   Created model
[20 May 2020 23:41:15]   Length of all_data: 579746
[20 May 2020 23:41:15]   ____________________________________________________________________________________________________
[20 May 2020 23:41:15]   1. decoder_input
[20 May 2020 23:42:59]   Shape of Matrix M, poison, indices: (579746, 320), (579746,), (579746,)
[20 May 2020 23:42:59]   Calculating outlier scores...
[20 May 2020 23:42:59]   Normalizing hidden states...
[20 May 2020 23:42:59]   Calculating top singular vector...
[20 May 2020 23:44:13]   Calculating outlier scores...
[20 May 2020 23:44:13]   --------------------------------------------------
[20 May 2020 23:44:13]   normal
[20 May 2020 23:44:13]   Shape of outlier_scores, poison, indices: (579746,) (579746,) (579746,)
[20 May 2020 23:44:13]   Plotting histogram...
[20 May 2020 23:44:13]   Lower and upper bounds used for histogram: -10.31585693359375 0.5798001289367676
[20 May 2020 23:44:16]   Saved histogram data/java-small/backdoor6/0.1/code2seq/data.train.c2s_detection_results/hist_1. decoder_input_normal.png
[20 May 2020 23:44:16]   Calculating AUC...
[20 May 2020 23:44:19]   Total clean and poisoned points: 525387 54359
[20 May 2020 23:44:20]   AUC: 0.3368506615438315
[20 May 2020 23:44:27]   Saved data/java-small/backdoor6/0.1/code2seq/data.train.c2s_detection_results/1. decoder_input_normal_results.json
[20 May 2020 23:44:27]   Recall @1.0x: 0.03  Recall @1.5x: 0.90  Recall @2.0x: 2.67  Recall @2.5x: 5.56  Recall @3.0x: 8.72  
[20 May 2020 23:44:27]   Done!
[20 May 2020 23:44:27]   ____________________________________________________________________________________________________
[20 May 2020 23:44:27]   2. context_vectors_mean
[20 May 2020 23:46:48]   Shape of Matrix M, poison, indices: (579746, 320), (579746,), (579746,)
[20 May 2020 23:46:48]   Calculating outlier scores...
[20 May 2020 23:46:48]   Normalizing hidden states...
[20 May 2020 23:46:49]   Calculating top singular vector...
[20 May 2020 23:48:01]   Calculating outlier scores...
[20 May 2020 23:48:02]   --------------------------------------------------
[20 May 2020 23:48:02]   normal
[20 May 2020 23:48:02]   Shape of outlier_scores, poison, indices: (579746,) (579746,) (579746,)
[20 May 2020 23:48:02]   Plotting histogram...
[20 May 2020 23:48:02]   Lower and upper bounds used for histogram: -11.574731826782227 0.5461467802524567
[20 May 2020 23:48:04]   Saved histogram data/java-small/backdoor6/0.1/code2seq/data.train.c2s_detection_results/hist_2. context_vectors_mean_normal.png
[20 May 2020 23:48:04]   Calculating AUC...
[20 May 2020 23:48:07]   Total clean and poisoned points: 525387 54359
[20 May 2020 23:48:08]   AUC: 0.4495336660555951
[20 May 2020 23:48:15]   Saved data/java-small/backdoor6/0.1/code2seq/data.train.c2s_detection_results/2. context_vectors_mean_normal_results.json
[20 May 2020 23:48:15]   Recall @1.0x: 6.88  Recall @1.5x: 10.20  Recall @2.0x: 13.51  Recall @2.5x: 17.45  Recall @3.0x: 21.74  
[20 May 2020 23:48:15]   Done!
[20 May 2020 23:48:15]   ____________________________________________________________________________________________________
[20 May 2020 23:48:15]   3. context_vectors_all
[20 May 2020 23:59:33]   Shape of Matrix M, poison, indices: (2122685, 320), (2122685,), (2122685,)
[20 May 2020 23:59:33]   Calculating outlier scores...
[20 May 2020 23:59:33]   Normalizing hidden states...
[20 May 2020 23:59:35]   Calculating top singular vector...
[21 May 2020 00:04:24]   Calculating outlier scores...
[21 May 2020 00:04:39]   --------------------------------------------------
[21 May 2020 00:04:39]   max
[21 May 2020 00:04:39]   Shape of outlier_scores, poison, indices: (579746,) (579746,) (579746,)
[21 May 2020 00:04:39]   Plotting histogram...
[21 May 2020 00:04:39]   Lower and upper bounds used for histogram: -5.043725967407227 0.9123760312795639
[21 May 2020 00:04:40]   Saved histogram data/java-small/backdoor6/0.1/code2seq/data.train.c2s_detection_results/hist_3. context_vectors_all_max.png
[21 May 2020 00:04:40]   Calculating AUC...
[21 May 2020 00:04:43]   Total clean and poisoned points: 525387 54359
[21 May 2020 00:04:44]   AUC: 0.5385466824882242
[21 May 2020 00:04:51]   Saved data/java-small/backdoor6/0.1/code2seq/data.train.c2s_detection_results/3. context_vectors_all_max_results.json
[21 May 2020 00:04:51]   Recall @1.0x: 9.98  Recall @1.5x: 14.74  Recall @2.0x: 19.66  Recall @2.5x: 24.70  Recall @3.0x: 30.27  
[21 May 2020 00:04:51]   Done!
[21 May 2020 00:04:51]   --------------------------------------------------
[21 May 2020 00:04:51]   min
[21 May 2020 00:04:51]   Shape of outlier_scores, poison, indices: (579746,) (579746,) (579746,)
[21 May 2020 00:04:51]   Plotting histogram...
[21 May 2020 00:04:51]   Lower and upper bounds used for histogram: -12.543975830078125 -0.05154576804488897
[21 May 2020 00:04:53]   Saved histogram data/java-small/backdoor6/0.1/code2seq/data.train.c2s_detection_results/hist_3. context_vectors_all_min.png
[21 May 2020 00:04:53]   Calculating AUC...
[21 May 2020 00:04:56]   Total clean and poisoned points: 525387 54359
[21 May 2020 00:04:57]   AUC: 0.38317073616917674
[21 May 2020 00:05:04]   Saved data/java-small/backdoor6/0.1/code2seq/data.train.c2s_detection_results/3. context_vectors_all_min_results.json
[21 May 2020 00:05:04]   Recall @1.0x: 2.08  Recall @1.5x: 4.26  Recall @2.0x: 7.21  Recall @2.5x: 10.71  Recall @3.0x: 14.37  
[21 May 2020 00:05:04]   Done!
[21 May 2020 00:05:04]   --------------------------------------------------
[21 May 2020 00:05:04]   mean
[21 May 2020 00:05:04]   Shape of outlier_scores, poison, indices: (579746,) (579746,) (579746,)
[21 May 2020 00:05:04]   Plotting histogram...
[21 May 2020 00:05:04]   Lower and upper bounds used for histogram: -5.301208103981612 0.636370602761949
[21 May 2020 00:05:06]   Saved histogram data/java-small/backdoor6/0.1/code2seq/data.train.c2s_detection_results/hist_3. context_vectors_all_mean.png
[21 May 2020 00:05:06]   Calculating AUC...
[21 May 2020 00:05:09]   Total clean and poisoned points: 525387 54359
[21 May 2020 00:05:10]   AUC: 0.4857772380195807
[21 May 2020 00:05:17]   Saved data/java-small/backdoor6/0.1/code2seq/data.train.c2s_detection_results/3. context_vectors_all_mean_results.json
[21 May 2020 00:05:17]   Recall @1.0x: 8.49  Recall @1.5x: 11.88  Recall @2.0x: 15.75  Recall @2.5x: 20.25  Recall @3.0x: 25.10  
[21 May 2020 00:05:17]   Done!
