[23 May 2020 21:34:44]   Namespace(backdoor=2, batch_size=512, data_path=None, load_path='trained_models/java-small/code2seq/backdoor2_0.02/model_best', poison_ratio=0.02, release=None, reuse=False, save_path_prefix=None, test_path='data/java-small/backdoor2/0.02/code2seq/data.train.c2s')
[24 May 2020 03:49:38]   Namespace(backdoor=2, batch_size=512, data_path=None, load_path='trained_models/java-small/code2seq/backdoor2_0.02/model_best', poison_ratio=0.02, release=None, reuse=False, save_path_prefix=None, test_path='data/java-small/backdoor2/0.02/code2seq/data.train.c2s')
[24 May 2020 03:49:38]   Loading dictionaries from: trained_models/java-small/code2seq/backdoor2_0.02/model_best
[24 May 2020 03:49:38]   Done loading dictionaries
[24 May 2020 03:49:38]   Created model
[24 May 2020 03:49:38]   Indexed
[24 May 2020 03:49:43]   Done loading model
[24 May 2020 03:50:13]   Processed 50 batches, 25600 data points
[24 May 2020 03:50:41]   Processed 100 batches, 51200 data points
[24 May 2020 03:51:09]   Processed 150 batches, 76800 data points
[24 May 2020 03:51:37]   Processed 200 batches, 102400 data points
[24 May 2020 03:52:05]   Processed 250 batches, 128000 data points
[24 May 2020 03:52:33]   Processed 300 batches, 153600 data points
[24 May 2020 03:53:01]   Processed 350 batches, 179200 data points
[24 May 2020 03:53:29]   Processed 400 batches, 204800 data points
[24 May 2020 03:53:57]   Processed 450 batches, 230400 data points
[24 May 2020 03:54:26]   Processed 500 batches, 256000 data points
[24 May 2020 03:54:54]   Processed 550 batches, 281600 data points
[24 May 2020 03:55:22]   Processed 600 batches, 307200 data points
[24 May 2020 03:55:50]   Processed 650 batches, 332800 data points
[24 May 2020 03:56:18]   Processed 700 batches, 358400 data points
[24 May 2020 03:56:46]   Processed 750 batches, 384000 data points
[24 May 2020 03:57:14]   Processed 800 batches, 409600 data points
[24 May 2020 03:57:42]   Processed 850 batches, 435200 data points
[24 May 2020 03:58:10]   Processed 900 batches, 460800 data points
[24 May 2020 03:58:39]   Processed 950 batches, 486400 data points
[24 May 2020 03:59:07]   Processed 1000 batches, 512000 data points
[24 May 2020 03:59:29]   Skipped 0 points
[24 May 2020 03:59:29]   Skipped 0 points for inf/nan
[24 May 2020 03:59:29]   Done getting hidden states
[24 May 2020 03:59:29]   Time elapsed: 0h9m45s
[24 May 2020 03:59:29]   Length of all_data: 532300
[24 May 2020 03:59:29]   ____________________________________________________________________________________________________
[24 May 2020 03:59:29]   1. decoder_input
[24 May 2020 04:00:33]   Shape of Matrix M, poison, indices: (532300, 320), (532300,), (532300,)
[24 May 2020 04:00:33]   Calculating outlier scores...
[24 May 2020 04:00:33]   Normalizing hidden states...
[24 May 2020 04:00:33]   Calculating top singular vector...
[24 May 2020 04:00:52]   Calculating outlier scores...
[24 May 2020 04:00:52]   --------------------------------------------------
[24 May 2020 04:00:52]   normal
[24 May 2020 04:00:52]   Shape of outlier_scores, poison, indices: (532300,) (532300,) (532300,)
[24 May 2020 04:00:52]   Plotting histogram...
[24 May 2020 04:00:52]   Lower and upper bounds used for histogram: -11.88057804107666 0.5608472287654876
[24 May 2020 04:00:53]   Saved histogram data/java-small/backdoor2/0.02/code2seq/data.train.c2s_detection_results/hist_1. decoder_input_normal.png
[24 May 2020 04:00:53]   Calculating AUC...
[24 May 2020 04:00:55]   Total clean and poisoned points: 522326 9974
[24 May 2020 04:00:55]   AUC: 0.4139090740737855
[24 May 2020 04:00:59]   Saved data/java-small/backdoor2/0.02/code2seq/data.train.c2s_detection_results/1. decoder_input_normal_results.json
[24 May 2020 04:00:59]   Recall @1.0x: 0.1 percent  Recall @1.5x: 0.3 percent  Recall @2.0x: 0.3 percent  Recall @2.5x: 0.3 percent  Recall @3.0x: 0.4 percent  
[24 May 2020 04:00:59]   Done!
[24 May 2020 04:00:59]   ____________________________________________________________________________________________________
[24 May 2020 04:00:59]   2. context_vectors_mean
[24 May 2020 04:02:21]   Shape of Matrix M, poison, indices: (532300, 320), (532300,), (532300,)
[24 May 2020 04:02:21]   Calculating outlier scores...
[24 May 2020 04:02:21]   Normalizing hidden states...
[24 May 2020 04:02:21]   Calculating top singular vector...
[24 May 2020 04:02:40]   Calculating outlier scores...
[24 May 2020 04:02:41]   --------------------------------------------------
[24 May 2020 04:02:41]   normal
[24 May 2020 04:02:41]   Shape of outlier_scores, poison, indices: (532300,) (532300,) (532300,)
[24 May 2020 04:02:41]   Plotting histogram...
[24 May 2020 04:02:41]   Lower and upper bounds used for histogram: -10.029070854187012 0.45461947619915005
[24 May 2020 04:02:42]   Saved histogram data/java-small/backdoor2/0.02/code2seq/data.train.c2s_detection_results/hist_2. context_vectors_mean_normal.png
[24 May 2020 04:02:42]   Calculating AUC...
[24 May 2020 04:02:43]   Total clean and poisoned points: 522326 9974
[24 May 2020 04:02:44]   AUC: 0.4232989549243527
[24 May 2020 04:02:48]   Saved data/java-small/backdoor2/0.02/code2seq/data.train.c2s_detection_results/2. context_vectors_mean_normal_results.json
[24 May 2020 04:02:48]   Recall @1.0x: 0.2 percent  Recall @1.5x: 0.2 percent  Recall @2.0x: 0.3 percent  Recall @2.5x: 0.5 percent  Recall @3.0x: 0.7 percent  
[24 May 2020 04:02:48]   Done!
[24 May 2020 04:02:48]   ____________________________________________________________________________________________________
[24 May 2020 04:02:48]   3. context_vectors_all
[24 May 2020 04:08:55]   Shape of Matrix M, poison, indices: (1893032, 320), (1893032,), (1893032,)
[24 May 2020 04:08:55]   Calculating outlier scores...
[24 May 2020 04:08:55]   Normalizing hidden states...
[24 May 2020 04:08:57]   Calculating top singular vector...
[24 May 2020 04:10:41]   Calculating outlier scores...
[24 May 2020 04:10:47]   --------------------------------------------------
[24 May 2020 04:10:47]   max
[24 May 2020 04:10:47]   Shape of outlier_scores, poison, indices: (532300,) (532300,) (532300,)
[24 May 2020 04:10:47]   Plotting histogram...
[24 May 2020 04:10:47]   Lower and upper bounds used for histogram: -5.31300687789917 0.9497853368520733
[24 May 2020 04:10:48]   Saved histogram data/java-small/backdoor2/0.02/code2seq/data.train.c2s_detection_results/hist_3. context_vectors_all_max.png
[24 May 2020 04:10:48]   Calculating AUC...
[24 May 2020 04:10:50]   Total clean and poisoned points: 522326 9974
[24 May 2020 04:10:50]   AUC: 0.8392364501229541
[24 May 2020 04:10:54]   Saved data/java-small/backdoor2/0.02/code2seq/data.train.c2s_detection_results/3. context_vectors_all_max_results.json
[24 May 2020 04:10:54]   Recall @1.0x: 1.6 percent  Recall @1.5x: 2.5 percent  Recall @2.0x: 3.4 percent  Recall @2.5x: 4.8 percent  Recall @3.0x: 5.9 percent  
[24 May 2020 04:10:55]   Done!
