[24 May 2020 10:04:07]   Namespace(backdoor=2, batch_size=512, data_path=None, load_path='trained_models/java-small/code2seq/backdoor2_0.1/model_best', poison_ratio=0.1, release=None, reuse=False, save_path_prefix=None, test_path='data/java-small/backdoor2/0.1/code2seq/data.train.c2s')
[24 May 2020 10:04:07]   Loading dictionaries from: trained_models/java-small/code2seq/backdoor2_0.1/model_best
[24 May 2020 10:04:07]   Done loading dictionaries
[24 May 2020 10:04:07]   Created model
[24 May 2020 10:04:07]   Indexed
[24 May 2020 10:04:12]   Done loading model
[24 May 2020 10:04:43]   Processed 50 batches, 25600 data points
[24 May 2020 10:05:11]   Processed 100 batches, 51200 data points
[24 May 2020 10:05:39]   Processed 150 batches, 76800 data points
[24 May 2020 10:06:08]   Processed 200 batches, 102400 data points
[24 May 2020 10:06:37]   Processed 250 batches, 128000 data points
[24 May 2020 10:07:05]   Processed 300 batches, 153600 data points
[24 May 2020 10:07:34]   Processed 350 batches, 179200 data points
[24 May 2020 10:08:02]   Processed 400 batches, 204800 data points
[24 May 2020 10:08:31]   Processed 450 batches, 230400 data points
[24 May 2020 10:08:59]   Processed 500 batches, 256000 data points
[24 May 2020 10:09:28]   Processed 550 batches, 281600 data points
[24 May 2020 10:09:57]   Processed 600 batches, 307200 data points
[24 May 2020 10:10:25]   Processed 650 batches, 332800 data points
[24 May 2020 10:10:54]   Processed 700 batches, 358400 data points
[24 May 2020 10:11:22]   Processed 750 batches, 384000 data points
[24 May 2020 10:11:51]   Processed 800 batches, 409600 data points
[24 May 2020 10:12:20]   Processed 850 batches, 435200 data points
[24 May 2020 10:12:48]   Processed 900 batches, 460800 data points
[24 May 2020 10:13:17]   Processed 950 batches, 486400 data points
[24 May 2020 10:13:46]   Processed 1000 batches, 512000 data points
[24 May 2020 10:14:14]   Processed 1050 batches, 537600 data points
[24 May 2020 10:14:43]   Processed 1100 batches, 563200 data points
[24 May 2020 10:15:01]   Skipped 0 points
[24 May 2020 10:15:01]   Skipped 0 points for inf/nan
[24 May 2020 10:15:01]   Done getting hidden states
[24 May 2020 10:15:01]   Time elapsed: 0h10m48s
[24 May 2020 10:15:01]   Length of all_data: 579592
[24 May 2020 10:15:01]   ____________________________________________________________________________________________________
[24 May 2020 10:15:01]   1. decoder_input
[24 May 2020 10:16:17]   Shape of Matrix M, poison, indices: (579592, 320), (579592,), (579592,)
[24 May 2020 10:16:17]   Calculating outlier scores...
[24 May 2020 10:16:17]   Normalizing hidden states...
[24 May 2020 10:16:17]   Calculating top singular vector...
[24 May 2020 10:16:38]   Calculating outlier scores...
[24 May 2020 10:16:39]   --------------------------------------------------
[24 May 2020 10:16:39]   normal
[24 May 2020 10:16:39]   Shape of outlier_scores, poison, indices: (579592,) (579592,) (579592,)
[24 May 2020 10:16:39]   Plotting histogram...
[24 May 2020 10:16:39]   Lower and upper bounds used for histogram: -10.338014602661133 0.5449088752269743
[24 May 2020 10:16:40]   Saved histogram data/java-small/backdoor2/0.1/code2seq/data.train.c2s_detection_results/hist_1. decoder_input_normal.png
[24 May 2020 10:16:40]   Calculating AUC...
[24 May 2020 10:16:42]   Total clean and poisoned points: 525184 54408
[24 May 2020 10:16:42]   AUC: 0.41428067848213873
[24 May 2020 10:16:47]   Saved data/java-small/backdoor2/0.1/code2seq/data.train.c2s_detection_results/1. decoder_input_normal_results.json
[24 May 2020 10:16:47]   Recall @1.0x: 1.9 percent  Recall @1.5x: 4.5 percent  Recall @2.0x: 7.6 percent  Recall @2.5x: 10.8 percent  Recall @3.0x: 14.2 percent  
[24 May 2020 10:16:47]   Done!
[24 May 2020 10:16:47]   ____________________________________________________________________________________________________
[24 May 2020 10:16:47]   2. context_vectors_mean
[24 May 2020 10:18:18]   Shape of Matrix M, poison, indices: (579592, 320), (579592,), (579592,)
[24 May 2020 10:18:18]   Calculating outlier scores...
[24 May 2020 10:18:18]   Normalizing hidden states...
[24 May 2020 10:18:19]   Calculating top singular vector...
[24 May 2020 10:18:41]   Calculating outlier scores...
[24 May 2020 10:18:41]   --------------------------------------------------
[24 May 2020 10:18:41]   normal
[24 May 2020 10:18:41]   Shape of outlier_scores, poison, indices: (579592,) (579592,) (579592,)
[24 May 2020 10:18:41]   Plotting histogram...
[24 May 2020 10:18:41]   Lower and upper bounds used for histogram: -11.915096282958984 0.6355260014533997
[24 May 2020 10:18:42]   Saved histogram data/java-small/backdoor2/0.1/code2seq/data.train.c2s_detection_results/hist_2. context_vectors_mean_normal.png
[24 May 2020 10:18:42]   Calculating AUC...
[24 May 2020 10:18:44]   Total clean and poisoned points: 525184 54408
[24 May 2020 10:18:45]   AUC: 0.46045215757129543
[24 May 2020 10:18:49]   Saved data/java-small/backdoor2/0.1/code2seq/data.train.c2s_detection_results/2. context_vectors_mean_normal_results.json
[24 May 2020 10:18:49]   Recall @1.0x: 7.4 percent  Recall @1.5x: 11.1 percent  Recall @2.0x: 15.2 percent  Recall @2.5x: 19.0 percent  Recall @3.0x: 23.5 percent  
[24 May 2020 10:18:49]   Done!
[24 May 2020 10:18:49]   ____________________________________________________________________________________________________
[24 May 2020 10:18:49]   3. context_vectors_all
[24 May 2020 10:26:04]   Shape of Matrix M, poison, indices: (2097040, 320), (2097040,), (2097040,)
[24 May 2020 10:26:04]   Calculating outlier scores...
[24 May 2020 10:26:04]   Normalizing hidden states...
[24 May 2020 10:26:08]   Calculating top singular vector...
[24 May 2020 10:28:06]   Calculating outlier scores...
[24 May 2020 10:28:13]   --------------------------------------------------
[24 May 2020 10:28:13]   max
[24 May 2020 10:28:13]   Shape of outlier_scores, poison, indices: (579592,) (579592,) (579592,)
[24 May 2020 10:28:13]   Plotting histogram...
[24 May 2020 10:28:13]   Lower and upper bounds used for histogram: -5.998485088348389 1.833278101682663
[24 May 2020 10:28:14]   Saved histogram data/java-small/backdoor2/0.1/code2seq/data.train.c2s_detection_results/hist_3. context_vectors_all_max.png
[24 May 2020 10:28:14]   Calculating AUC...
[24 May 2020 10:28:16]   Total clean and poisoned points: 525184 54408
[24 May 2020 10:28:17]   AUC: 0.9967026580799524
[24 May 2020 10:28:21]   Saved data/java-small/backdoor2/0.1/code2seq/data.train.c2s_detection_results/3. context_vectors_all_max_results.json
[24 May 2020 10:28:21]   Recall @1.0x: 98.7 percent  Recall @1.5x: 99.1 percent  Recall @2.0x: 99.3 percent  Recall @2.5x: 99.4 percent  Recall @3.0x: 99.4 percent  
[24 May 2020 10:28:21]   Done!
