[23 May 2020 12:07:00]   Namespace(backdoor=1, batch_size=512, data_path=None, load_path='trained_models/java-small/code2seq/backdoor1_0.05/model_best', poison_ratio=0.05, release=None, reuse=False, save_path_prefix=None, test_path='data/java-small/backdoor1/0.05/code2seq/data.train.c2s')
[23 May 2020 12:07:00]   Loading dictionaries from: trained_models/java-small/code2seq/backdoor1_0.05/model_best
[23 May 2020 12:07:00]   Done loading dictionaries
[23 May 2020 12:07:00]   Created model
[23 May 2020 12:07:00]   Indexed
[23 May 2020 12:07:05]   Done loading model
[23 May 2020 12:07:35]   Processed 50 batches, 25600 data points
[23 May 2020 12:08:04]   Processed 100 batches, 51200 data points
[23 May 2020 12:08:33]   Processed 150 batches, 76800 data points
[23 May 2020 12:09:02]   Processed 200 batches, 102400 data points
[23 May 2020 12:09:31]   Processed 250 batches, 128000 data points
[23 May 2020 12:09:59]   Processed 300 batches, 153600 data points
[23 May 2020 12:10:29]   Processed 350 batches, 179200 data points
[23 May 2020 12:10:58]   Processed 400 batches, 204800 data points
[23 May 2020 12:11:27]   Processed 450 batches, 230400 data points
[23 May 2020 12:11:56]   Processed 500 batches, 256000 data points
[23 May 2020 12:12:24]   Processed 550 batches, 281600 data points
[23 May 2020 12:12:53]   Processed 600 batches, 307200 data points
[23 May 2020 12:13:22]   Processed 650 batches, 332800 data points
[23 May 2020 12:13:51]   Processed 700 batches, 358400 data points
[23 May 2020 12:14:20]   Processed 750 batches, 384000 data points
[23 May 2020 12:14:50]   Processed 800 batches, 409600 data points
[23 May 2020 12:15:19]   Processed 850 batches, 435200 data points
[23 May 2020 12:15:47]   Processed 900 batches, 460800 data points
[23 May 2020 12:16:16]   Processed 950 batches, 486400 data points
[23 May 2020 12:16:46]   Processed 1000 batches, 512000 data points
[23 May 2020 12:17:14]   Processed 1050 batches, 537600 data points
[23 May 2020 12:17:27]   Skipped 0 points
[23 May 2020 12:17:27]   Skipped 0 points for inf/nan
[23 May 2020 12:17:27]   Done getting hidden states
[23 May 2020 12:17:27]   Time elapsed: 0h10m21s
[23 May 2020 12:17:27]   Length of all_data: 549194
[23 May 2020 12:17:27]   ____________________________________________________________________________________________________
[23 May 2020 12:17:27]   1. decoder_input
[23 May 2020 12:18:34]   Shape of Matrix M, poison, indices: (549194, 320), (549194,), (549194,)
[23 May 2020 12:18:34]   Calculating outlier scores...
[23 May 2020 12:18:34]   Normalizing hidden states...
[23 May 2020 12:18:34]   Calculating top singular vector...
[23 May 2020 12:18:54]   Calculating outlier scores...
[23 May 2020 12:18:54]   --------------------------------------------------
[23 May 2020 12:18:54]   normal
[23 May 2020 12:18:54]   Shape of outlier_scores, poison, indices: (549194,) (549194,) (549194,)
[23 May 2020 12:18:54]   Plotting histogram...
[23 May 2020 12:18:54]   Lower and upper bounds used for histogram: -12.438650131225586 0.6224631667137145
[23 May 2020 12:18:55]   Saved histogram data/java-small/backdoor1/0.05/code2seq/data.train.c2s_detection_results/hist_1. decoder_input_normal.png
[23 May 2020 12:18:55]   Calculating AUC...
[23 May 2020 12:18:57]   Total clean and poisoned points: 523439 25755
[23 May 2020 12:18:57]   AUC: 0.42253135332038644
[23 May 2020 12:19:01]   Saved data/java-small/backdoor1/0.05/code2seq/data.train.c2s_detection_results/1. decoder_input_normal_results.json
[23 May 2020 12:19:01]   Recall @1.0x: 0.3 percent  Recall @1.5x: 0.9 percent  Recall @2.0x: 2.1 percent  Recall @2.5x: 3.6 percent  Recall @3.0x: 5.5 percent  
[23 May 2020 12:19:01]   Done!
[23 May 2020 12:19:01]   ____________________________________________________________________________________________________
[23 May 2020 12:19:01]   2. context_vectors_mean
[23 May 2020 12:20:22]   Shape of Matrix M, poison, indices: (549194, 320), (549194,), (549194,)
[23 May 2020 12:20:22]   Calculating outlier scores...
[23 May 2020 12:20:22]   Normalizing hidden states...
[23 May 2020 12:20:23]   Calculating top singular vector...
[23 May 2020 12:20:44]   Calculating outlier scores...
[23 May 2020 12:20:44]   --------------------------------------------------
[23 May 2020 12:20:44]   normal
[23 May 2020 12:20:44]   Shape of outlier_scores, poison, indices: (549194,) (549194,) (549194,)
[23 May 2020 12:20:44]   Plotting histogram...
[23 May 2020 12:20:44]   Lower and upper bounds used for histogram: -12.577921867370605 0.4450960248708692
[23 May 2020 12:20:45]   Saved histogram data/java-small/backdoor1/0.05/code2seq/data.train.c2s_detection_results/hist_2. context_vectors_mean_normal.png
[23 May 2020 12:20:45]   Calculating AUC...
[23 May 2020 12:20:47]   Total clean and poisoned points: 523439 25755
[23 May 2020 12:20:47]   AUC: 0.9931688927497357
[23 May 2020 12:20:51]   Saved data/java-small/backdoor1/0.05/code2seq/data.train.c2s_detection_results/2. context_vectors_mean_normal_results.json
[23 May 2020 12:20:51]   Recall @1.0x: 98.5 percent  Recall @1.5x: 98.6 percent  Recall @2.0x: 98.7 percent  Recall @2.5x: 98.7 percent  Recall @3.0x: 98.8 percent  
[23 May 2020 12:20:51]   Done!
[23 May 2020 12:20:51]   ____________________________________________________________________________________________________
[23 May 2020 12:20:51]   3. context_vectors_all
[23 May 2020 12:27:08]   Shape of Matrix M, poison, indices: (1916933, 320), (1916933,), (1916933,)
[23 May 2020 12:27:08]   Calculating outlier scores...
[23 May 2020 12:27:08]   Normalizing hidden states...
[23 May 2020 12:27:09]   Calculating top singular vector...
[23 May 2020 12:28:54]   Calculating outlier scores...
[23 May 2020 12:29:00]   --------------------------------------------------
[23 May 2020 12:29:00]   max
[23 May 2020 12:29:00]   Shape of outlier_scores, poison, indices: (549194,) (549194,) (549194,)
[23 May 2020 12:29:00]   Plotting histogram...
[23 May 2020 12:29:00]   Lower and upper bounds used for histogram: -6.054012298583984 0.6832057476043693
[23 May 2020 12:29:01]   Saved histogram data/java-small/backdoor1/0.05/code2seq/data.train.c2s_detection_results/hist_3. context_vectors_all_max.png
[23 May 2020 12:29:01]   Calculating AUC...
[23 May 2020 12:29:03]   Total clean and poisoned points: 523439 25755
[23 May 2020 12:29:03]   AUC: 0.9964962276317971
[23 May 2020 12:29:07]   Saved data/java-small/backdoor1/0.05/code2seq/data.train.c2s_detection_results/3. context_vectors_all_max_results.json
[23 May 2020 12:29:07]   Recall @1.0x: 98.7 percent  Recall @1.5x: 99.0 percent  Recall @2.0x: 99.1 percent  Recall @2.5x: 99.1 percent  Recall @3.0x: 99.2 percent  
[23 May 2020 12:29:07]   Done!
