[23 May 2020 21:42:00]   Namespace(backdoor=3, batch_size=512, data_path=None, load_path='trained_models/java-small/code2seq/backdoor3_0.02/model_best', poison_ratio=0.02, release=None, reuse=False, save_path_prefix=None, test_path='data/java-small/backdoor3/0.02/code2seq/data.train.c2s')
[24 May 2020 22:24:38]   Namespace(backdoor=3, batch_size=512, data_path=None, load_path='trained_models/java-small/code2seq/backdoor3_0.02/model_best', poison_ratio=0.02, release=None, reuse=False, save_path_prefix=None, test_path='data/java-small/backdoor3/0.02/code2seq/data.train.c2s')
[24 May 2020 22:24:38]   Loading dictionaries from: trained_models/java-small/code2seq/backdoor3_0.02/model_best
[24 May 2020 22:24:38]   Done loading dictionaries
[24 May 2020 22:24:38]   Created model
[24 May 2020 22:24:38]   Indexed
[24 May 2020 22:24:43]   Done loading model
[24 May 2020 22:25:14]   Processed 50 batches, 25600 data points
[24 May 2020 22:25:43]   Processed 100 batches, 51200 data points
[24 May 2020 22:26:12]   Processed 150 batches, 76800 data points
[24 May 2020 22:26:41]   Processed 200 batches, 102400 data points
[24 May 2020 22:27:10]   Processed 250 batches, 128000 data points
[24 May 2020 22:27:39]   Processed 300 batches, 153600 data points
[24 May 2020 22:28:08]   Processed 350 batches, 179200 data points
[24 May 2020 22:28:37]   Processed 400 batches, 204800 data points
[24 May 2020 22:29:06]   Processed 450 batches, 230400 data points
[24 May 2020 22:29:35]   Processed 500 batches, 256000 data points
[24 May 2020 22:30:04]   Processed 550 batches, 281600 data points
[24 May 2020 22:30:33]   Processed 600 batches, 307200 data points
[24 May 2020 22:31:02]   Processed 650 batches, 332800 data points
[24 May 2020 22:31:32]   Processed 700 batches, 358400 data points
[24 May 2020 22:32:00]   Processed 750 batches, 384000 data points
[24 May 2020 22:32:29]   Processed 800 batches, 409600 data points
[24 May 2020 22:32:58]   Processed 850 batches, 435200 data points
[24 May 2020 22:33:27]   Processed 900 batches, 460800 data points
[24 May 2020 22:33:56]   Processed 950 batches, 486400 data points
[24 May 2020 22:34:25]   Processed 1000 batches, 512000 data points
[24 May 2020 22:34:48]   Skipped 0 points
[24 May 2020 22:34:48]   Skipped 0 points for inf/nan
[24 May 2020 22:34:48]   Done getting hidden states
[24 May 2020 22:34:48]   Time elapsed: 0h10m4s
[24 May 2020 22:34:48]   Length of all_data: 532298
[24 May 2020 22:34:48]   ____________________________________________________________________________________________________
[24 May 2020 22:34:48]   1. decoder_input
[24 May 2020 22:35:52]   Shape of Matrix M, poison, indices: (532298, 320), (532298,), (532298,)
[24 May 2020 22:35:52]   Calculating outlier scores...
[24 May 2020 22:35:52]   Normalizing hidden states...
[24 May 2020 22:35:52]   Calculating top singular vector...
[24 May 2020 22:36:11]   Calculating outlier scores...
[24 May 2020 22:36:12]   --------------------------------------------------
[24 May 2020 22:36:12]   normal
[24 May 2020 22:36:12]   Shape of outlier_scores, poison, indices: (532298,) (532298,) (532298,)
[24 May 2020 22:36:12]   Plotting histogram...
[24 May 2020 22:36:12]   Lower and upper bounds used for histogram: -11.604998588562012 0.5564226597547529
[24 May 2020 22:36:13]   Saved histogram data/java-small/backdoor3/0.02/code2seq/data.train.c2s_detection_results/hist_1. decoder_input_normal.png
[24 May 2020 22:36:13]   Calculating AUC...
[24 May 2020 22:36:15]   Total clean and poisoned points: 522298 10000
[24 May 2020 22:36:15]   AUC: 0.4113110247406653
[24 May 2020 22:36:19]   Saved data/java-small/backdoor3/0.02/code2seq/data.train.c2s_detection_results/1. decoder_input_normal_results.json
[24 May 2020 22:36:19]   Recall @1.0x: 0.1 percent  Recall @1.5x: 0.1 percent  Recall @2.0x: 0.2 percent  Recall @2.5x: 0.2 percent  Recall @3.0x: 0.3 percent  
[24 May 2020 22:36:19]   Done!
[24 May 2020 22:36:19]   ____________________________________________________________________________________________________
[24 May 2020 22:36:19]   2. context_vectors_mean
[24 May 2020 22:37:38]   Shape of Matrix M, poison, indices: (532298, 320), (532298,), (532298,)
[24 May 2020 22:37:38]   Calculating outlier scores...
[24 May 2020 22:37:38]   Normalizing hidden states...
[24 May 2020 22:37:38]   Calculating top singular vector...
[24 May 2020 22:37:58]   Calculating outlier scores...
[24 May 2020 22:37:58]   --------------------------------------------------
[24 May 2020 22:37:58]   normal
[24 May 2020 22:37:58]   Shape of outlier_scores, poison, indices: (532298,) (532298,) (532298,)
[24 May 2020 22:37:58]   Plotting histogram...
[24 May 2020 22:37:58]   Lower and upper bounds used for histogram: -10.801350593566895 0.6404319643974293
[24 May 2020 22:37:59]   Saved histogram data/java-small/backdoor3/0.02/code2seq/data.train.c2s_detection_results/hist_2. context_vectors_mean_normal.png
[24 May 2020 22:37:59]   Calculating AUC...
[24 May 2020 22:38:01]   Total clean and poisoned points: 522298 10000
[24 May 2020 22:38:01]   AUC: 0.536549885697437
[24 May 2020 22:38:05]   Saved data/java-small/backdoor3/0.02/code2seq/data.train.c2s_detection_results/2. context_vectors_mean_normal_results.json
[24 May 2020 22:38:05]   Recall @1.0x: 0.0 percent  Recall @1.5x: 0.0 percent  Recall @2.0x: 0.1 percent  Recall @2.5x: 0.1 percent  Recall @3.0x: 0.1 percent  
[24 May 2020 22:38:05]   Done!
[24 May 2020 22:38:05]   ____________________________________________________________________________________________________
[24 May 2020 22:38:05]   3. context_vectors_all
[24 May 2020 22:44:10]   Shape of Matrix M, poison, indices: (1870027, 320), (1870027,), (1870027,)
[24 May 2020 22:44:10]   Calculating outlier scores...
[24 May 2020 22:44:10]   Normalizing hidden states...
[24 May 2020 22:44:11]   Calculating top singular vector...
[24 May 2020 22:45:54]   Calculating outlier scores...
[24 May 2020 22:46:00]   --------------------------------------------------
[24 May 2020 22:46:00]   max
[24 May 2020 22:46:00]   Shape of outlier_scores, poison, indices: (532298,) (532298,) (532298,)
[24 May 2020 22:46:00]   Plotting histogram...
[24 May 2020 22:46:00]   Lower and upper bounds used for histogram: -5.564258575439453 0.9268824309110629
[24 May 2020 22:46:01]   Saved histogram data/java-small/backdoor3/0.02/code2seq/data.train.c2s_detection_results/hist_3. context_vectors_all_max.png
[24 May 2020 22:46:01]   Calculating AUC...
[24 May 2020 22:46:02]   Total clean and poisoned points: 522298 10000
[24 May 2020 22:46:03]   AUC: 0.5848265905670708
[24 May 2020 22:46:07]   Saved data/java-small/backdoor3/0.02/code2seq/data.train.c2s_detection_results/3. context_vectors_all_max_results.json
[24 May 2020 22:46:07]   Recall @1.0x: 0.0 percent  Recall @1.5x: 0.1 percent  Recall @2.0x: 0.1 percent  Recall @2.5x: 0.2 percent  Recall @3.0x: 0.3 percent  
[24 May 2020 22:46:07]   Done!
