[23 May 2020 21:35:30]   Namespace(backdoor=2, batch_size=512, data_path=None, load_path='trained_models/java-small/code2seq/backdoor2_0.05/model_best', poison_ratio=0.05, release=None, reuse=False, save_path_prefix=None, test_path='data/java-small/backdoor2/0.05/code2seq/data.train.c2s')
[24 May 2020 06:51:37]   Namespace(backdoor=2, batch_size=512, data_path=None, load_path='trained_models/java-small/code2seq/backdoor2_0.05/model_best', poison_ratio=0.05, release=None, reuse=False, save_path_prefix=None, test_path='data/java-small/backdoor2/0.05/code2seq/data.train.c2s')
[24 May 2020 06:51:37]   Loading dictionaries from: trained_models/java-small/code2seq/backdoor2_0.05/model_best
[24 May 2020 06:51:37]   Done loading dictionaries
[24 May 2020 06:51:37]   Created model
[24 May 2020 06:51:37]   Indexed
[24 May 2020 06:51:42]   Done loading model
[24 May 2020 06:52:12]   Processed 50 batches, 25600 data points
[24 May 2020 06:52:40]   Processed 100 batches, 51200 data points
[24 May 2020 06:53:08]   Processed 150 batches, 76800 data points
[24 May 2020 06:53:36]   Processed 200 batches, 102400 data points
[24 May 2020 06:54:04]   Processed 250 batches, 128000 data points
[24 May 2020 06:54:33]   Processed 300 batches, 153600 data points
[24 May 2020 06:55:01]   Processed 350 batches, 179200 data points
[24 May 2020 06:55:29]   Processed 400 batches, 204800 data points
[24 May 2020 06:55:57]   Processed 450 batches, 230400 data points
[24 May 2020 06:56:25]   Processed 500 batches, 256000 data points
[24 May 2020 06:56:53]   Processed 550 batches, 281600 data points
[24 May 2020 06:57:22]   Processed 600 batches, 307200 data points
[24 May 2020 06:57:50]   Processed 650 batches, 332800 data points
[24 May 2020 06:58:18]   Processed 700 batches, 358400 data points
[24 May 2020 06:58:46]   Processed 750 batches, 384000 data points
[24 May 2020 06:59:14]   Processed 800 batches, 409600 data points
[24 May 2020 06:59:42]   Processed 850 batches, 435200 data points
[24 May 2020 07:00:11]   Processed 900 batches, 460800 data points
[24 May 2020 07:00:39]   Processed 950 batches, 486400 data points
[24 May 2020 07:01:07]   Processed 1000 batches, 512000 data points
[24 May 2020 07:01:35]   Processed 1050 batches, 537600 data points
[24 May 2020 07:01:48]   Skipped 0 points
[24 May 2020 07:01:48]   Skipped 0 points for inf/nan
[24 May 2020 07:01:48]   Done getting hidden states
[24 May 2020 07:01:48]   Time elapsed: 0h10m5s
[24 May 2020 07:01:48]   Length of all_data: 549194
[24 May 2020 07:01:48]   ____________________________________________________________________________________________________
[24 May 2020 07:01:48]   1. decoder_input
[24 May 2020 07:02:58]   Shape of Matrix M, poison, indices: (549194, 320), (549194,), (549194,)
[24 May 2020 07:02:58]   Calculating outlier scores...
[24 May 2020 07:02:58]   Normalizing hidden states...
[24 May 2020 07:02:58]   Calculating top singular vector...
[24 May 2020 07:03:18]   Calculating outlier scores...
[24 May 2020 07:03:18]   --------------------------------------------------
[24 May 2020 07:03:18]   normal
[24 May 2020 07:03:18]   Shape of outlier_scores, poison, indices: (549194,) (549194,) (549194,)
[24 May 2020 07:03:18]   Plotting histogram...
[24 May 2020 07:03:18]   Lower and upper bounds used for histogram: -13.361303329467773 0.5791460931301115
[24 May 2020 07:03:19]   Saved histogram data/java-small/backdoor2/0.05/code2seq/data.train.c2s_detection_results/hist_1. decoder_input_normal.png
[24 May 2020 07:03:19]   Calculating AUC...
[24 May 2020 07:03:21]   Total clean and poisoned points: 523433 25761
[24 May 2020 07:03:22]   AUC: 0.419163142639863
[24 May 2020 07:03:26]   Saved data/java-small/backdoor2/0.05/code2seq/data.train.c2s_detection_results/1. decoder_input_normal_results.json
[24 May 2020 07:03:26]   Recall @1.0x: 0.2 percent  Recall @1.5x: 0.5 percent  Recall @2.0x: 1.5 percent  Recall @2.5x: 2.9 percent  Recall @3.0x: 5.0 percent  
[24 May 2020 07:03:26]   Done!
[24 May 2020 07:03:26]   ____________________________________________________________________________________________________
[24 May 2020 07:03:26]   2. context_vectors_mean
[24 May 2020 07:04:52]   Shape of Matrix M, poison, indices: (549194, 320), (549194,), (549194,)
[24 May 2020 07:04:52]   Calculating outlier scores...
[24 May 2020 07:04:52]   Normalizing hidden states...
[24 May 2020 07:04:52]   Calculating top singular vector...
[24 May 2020 07:05:13]   Calculating outlier scores...
[24 May 2020 07:05:13]   --------------------------------------------------
[24 May 2020 07:05:13]   normal
[24 May 2020 07:05:13]   Shape of outlier_scores, poison, indices: (549194,) (549194,) (549194,)
[24 May 2020 07:05:13]   Plotting histogram...
[24 May 2020 07:05:13]   Lower and upper bounds used for histogram: -13.794721603393555 0.6247337907552714
[24 May 2020 07:05:14]   Saved histogram data/java-small/backdoor2/0.05/code2seq/data.train.c2s_detection_results/hist_2. context_vectors_mean_normal.png
[24 May 2020 07:05:14]   Calculating AUC...
[24 May 2020 07:05:16]   Total clean and poisoned points: 523433 25761
[24 May 2020 07:05:16]   AUC: 0.5076337459274531
[24 May 2020 07:05:20]   Saved data/java-small/backdoor2/0.05/code2seq/data.train.c2s_detection_results/2. context_vectors_mean_normal_results.json
[24 May 2020 07:05:20]   Recall @1.0x: 2.3 percent  Recall @1.5x: 4.3 percent  Recall @2.0x: 6.5 percent  Recall @2.5x: 9.0 percent  Recall @3.0x: 11.6 percent  
[24 May 2020 07:05:20]   Done!
[24 May 2020 07:05:20]   ____________________________________________________________________________________________________
[24 May 2020 07:05:20]   3. context_vectors_all
[24 May 2020 07:12:04]   Shape of Matrix M, poison, indices: (1963877, 320), (1963877,), (1963877,)
[24 May 2020 07:12:04]   Calculating outlier scores...
[24 May 2020 07:12:04]   Normalizing hidden states...
[24 May 2020 07:12:07]   Calculating top singular vector...
[24 May 2020 07:13:58]   Calculating outlier scores...
[24 May 2020 07:14:04]   --------------------------------------------------
[24 May 2020 07:14:04]   max
[24 May 2020 07:14:04]   Shape of outlier_scores, poison, indices: (549194,) (549194,) (549194,)
[24 May 2020 07:14:04]   Plotting histogram...
[24 May 2020 07:14:04]   Lower and upper bounds used for histogram: -5.786253929138184 0.9587793380022034
[24 May 2020 07:14:06]   Saved histogram data/java-small/backdoor2/0.05/code2seq/data.train.c2s_detection_results/hist_3. context_vectors_all_max.png
[24 May 2020 07:14:06]   Calculating AUC...
[24 May 2020 07:14:07]   Total clean and poisoned points: 523433 25761
[24 May 2020 07:14:08]   AUC: 0.8984198270689544
[24 May 2020 07:14:12]   Saved data/java-small/backdoor2/0.05/code2seq/data.train.c2s_detection_results/3. context_vectors_all_max_results.json
[24 May 2020 07:14:12]   Recall @1.0x: 4.8 percent  Recall @1.5x: 7.6 percent  Recall @2.0x: 40.2 percent  Recall @2.5x: 71.0 percent  Recall @3.0x: 88.0 percent  
[24 May 2020 07:14:12]   Done!
