[24 May 2020 19:23:19]   Namespace(backdoor=5, batch_size=512, data_path=None, load_path='trained_models/java-small/code2seq/backdoor5_0.1/model_best', poison_ratio=0.1, release=None, reuse=False, save_path_prefix=None, test_path='data/java-small/backdoor5/0.1/code2seq/data.train.c2s')
[24 May 2020 19:23:19]   Loading dictionaries from: trained_models/java-small/code2seq/backdoor5_0.1/model_best
[24 May 2020 19:23:19]   Done loading dictionaries
[24 May 2020 19:23:19]   Created model
[24 May 2020 19:23:19]   Indexed
[24 May 2020 19:23:24]   Done loading model
[24 May 2020 19:23:54]   Processed 50 batches, 25600 data points
[24 May 2020 19:24:22]   Processed 100 batches, 51200 data points
[24 May 2020 19:24:50]   Processed 150 batches, 76800 data points
[24 May 2020 19:25:18]   Processed 200 batches, 102400 data points
[24 May 2020 19:25:46]   Processed 250 batches, 128000 data points
[24 May 2020 19:26:15]   Processed 300 batches, 153600 data points
[24 May 2020 19:26:43]   Processed 350 batches, 179200 data points
[24 May 2020 19:27:11]   Processed 400 batches, 204800 data points
[24 May 2020 19:27:39]   Processed 450 batches, 230400 data points
[24 May 2020 19:28:07]   Processed 500 batches, 256000 data points
[24 May 2020 19:28:36]   Processed 550 batches, 281600 data points
[24 May 2020 19:29:04]   Processed 600 batches, 307200 data points
[24 May 2020 19:29:32]   Processed 650 batches, 332800 data points
[24 May 2020 19:30:00]   Processed 700 batches, 358400 data points
[24 May 2020 19:30:28]   Processed 750 batches, 384000 data points
[24 May 2020 19:30:56]   Processed 800 batches, 409600 data points
[24 May 2020 19:31:24]   Processed 850 batches, 435200 data points
[24 May 2020 19:31:52]   Processed 900 batches, 460800 data points
[24 May 2020 19:32:21]   Processed 950 batches, 486400 data points
[24 May 2020 19:32:49]   Processed 1000 batches, 512000 data points
[24 May 2020 19:33:17]   Processed 1050 batches, 537600 data points
[24 May 2020 19:33:45]   Processed 1100 batches, 563200 data points
[24 May 2020 19:34:03]   Skipped 0 points
[24 May 2020 19:34:03]   Skipped 0 points for inf/nan
[24 May 2020 19:34:03]   Done getting hidden states
[24 May 2020 19:34:03]   Time elapsed: 0h10m38s
[24 May 2020 19:34:03]   Length of all_data: 579593
[24 May 2020 19:34:03]   ____________________________________________________________________________________________________
[24 May 2020 19:34:03]   1. decoder_input
[24 May 2020 19:35:15]   Shape of Matrix M, poison, indices: (579593, 320), (579593,), (579593,)
[24 May 2020 19:35:15]   Calculating outlier scores...
[24 May 2020 19:35:15]   Normalizing hidden states...
[24 May 2020 19:35:15]   Calculating top singular vector...
[24 May 2020 19:35:36]   Calculating outlier scores...
[24 May 2020 19:35:36]   --------------------------------------------------
[24 May 2020 19:35:36]   normal
[24 May 2020 19:35:36]   Shape of outlier_scores, poison, indices: (579593,) (579593,) (579593,)
[24 May 2020 19:35:36]   Plotting histogram...
[24 May 2020 19:35:36]   Lower and upper bounds used for histogram: -10.165756225585938 0.5666382908821106
[24 May 2020 19:35:38]   Saved histogram data/java-small/backdoor5/0.1/code2seq/data.train.c2s_detection_results/hist_1. decoder_input_normal.png
[24 May 2020 19:35:38]   Calculating AUC...
[24 May 2020 19:35:40]   Total clean and poisoned points: 525199 54394
[24 May 2020 19:35:40]   AUC: 0.41325523370290396
[24 May 2020 19:35:44]   Saved data/java-small/backdoor5/0.1/code2seq/data.train.c2s_detection_results/1. decoder_input_normal_results.json
[24 May 2020 19:35:44]   Recall @1.0x: 2.3 percent  Recall @1.5x: 5.6 percent  Recall @2.0x: 9.4 percent  Recall @2.5x: 13.6 percent  Recall @3.0x: 19.0 percent  
[24 May 2020 19:35:44]   Done!
[24 May 2020 19:35:44]   ____________________________________________________________________________________________________
[24 May 2020 19:35:44]   2. context_vectors_mean
[24 May 2020 19:37:12]   Shape of Matrix M, poison, indices: (579593, 320), (579593,), (579593,)
[24 May 2020 19:37:12]   Calculating outlier scores...
[24 May 2020 19:37:12]   Normalizing hidden states...
[24 May 2020 19:37:13]   Calculating top singular vector...
[24 May 2020 19:37:36]   Calculating outlier scores...
[24 May 2020 19:37:36]   --------------------------------------------------
[24 May 2020 19:37:36]   normal
[24 May 2020 19:37:36]   Shape of outlier_scores, poison, indices: (579593,) (579593,) (579593,)
[24 May 2020 19:37:36]   Plotting histogram...
[24 May 2020 19:37:36]   Lower and upper bounds used for histogram: -10.784421920776367 0.5692631721496585
[24 May 2020 19:37:37]   Saved histogram data/java-small/backdoor5/0.1/code2seq/data.train.c2s_detection_results/hist_2. context_vectors_mean_normal.png
[24 May 2020 19:37:37]   Calculating AUC...
[24 May 2020 19:37:39]   Total clean and poisoned points: 525199 54394
[24 May 2020 19:37:39]   AUC: 0.40730926048205535
[24 May 2020 19:37:44]   Saved data/java-small/backdoor5/0.1/code2seq/data.train.c2s_detection_results/2. context_vectors_mean_normal_results.json
[24 May 2020 19:37:44]   Recall @1.0x: 4.7 percent  Recall @1.5x: 8.6 percent  Recall @2.0x: 12.5 percent  Recall @2.5x: 16.3 percent  Recall @3.0x: 19.9 percent  
[24 May 2020 19:37:44]   Done!
[24 May 2020 19:37:44]   ____________________________________________________________________________________________________
[24 May 2020 19:37:44]   3. context_vectors_all
[24 May 2020 19:44:44]   Shape of Matrix M, poison, indices: (2116564, 320), (2116564,), (2116564,)
[24 May 2020 19:44:44]   Calculating outlier scores...
[24 May 2020 19:44:44]   Normalizing hidden states...
[24 May 2020 19:44:46]   Calculating top singular vector...
[24 May 2020 19:46:44]   Calculating outlier scores...
[24 May 2020 19:46:51]   --------------------------------------------------
[24 May 2020 19:46:51]   max
[24 May 2020 19:46:51]   Shape of outlier_scores, poison, indices: (579593,) (579593,) (579593,)
[24 May 2020 19:46:51]   Plotting histogram...
[24 May 2020 19:46:51]   Lower and upper bounds used for histogram: -5.889444828033447 0.9832218885421761
[24 May 2020 19:46:52]   Saved histogram data/java-small/backdoor5/0.1/code2seq/data.train.c2s_detection_results/hist_3. context_vectors_all_max.png
[24 May 2020 19:46:52]   Calculating AUC...
[24 May 2020 19:46:53]   Total clean and poisoned points: 525199 54394
[24 May 2020 19:46:54]   AUC: 0.6809655288186217
[24 May 2020 19:46:58]   Saved data/java-small/backdoor5/0.1/code2seq/data.train.c2s_detection_results/3. context_vectors_all_max_results.json
[24 May 2020 19:46:58]   Recall @1.0x: 10.0 percent  Recall @1.5x: 18.6 percent  Recall @2.0x: 26.2 percent  Recall @2.5x: 34.2 percent  Recall @3.0x: 44.9 percent  
[24 May 2020 19:46:59]   Done!
