[20 May 2020 09:30:02]   Namespace(backdoor=3, batch_size=256, data_path=None, load_path='trained_models/java-small/code2seq/backdoor3_0.1/model_best', poison_ratio=0.1, release=None, save_path_prefix=None, test_path='data/java-small/backdoor3/0.1/code2seq/data.train.c2s')
[20 May 2020 09:30:02]   
[20 May 2020 09:30:03]   Loading dictionaries from: trained_models/java-small/code2seq/backdoor3_0.1/model_best
[20 May 2020 09:30:03]   
[20 May 2020 09:30:03]   Done loading dictionaries
[20 May 2020 09:30:03]   
[20 May 2020 09:30:03]   Created model
[20 May 2020 09:30:03]   
[20 May 2020 09:30:03]   Indexed
[20 May 2020 09:30:03]   
[20 May 2020 09:30:07]   Done loading model
[20 May 2020 09:30:07]   
[20 May 2020 12:38:46]   Namespace(backdoor=3, batch_size=256, data_path=None, load_path='trained_models/java-small/code2seq/backdoor3_0.1/model_best', poison_ratio=0.1, release=None, save_path_prefix=None, test_path='data/java-small/backdoor3/0.1/code2seq/data.train.c2s')
[20 May 2020 12:38:46]   
[20 May 2020 12:38:46]   Loading dictionaries from: trained_models/java-small/code2seq/backdoor3_0.1/model_best
[20 May 2020 12:38:46]   
[20 May 2020 12:38:46]   Done loading dictionaries
[20 May 2020 12:38:46]   
[20 May 2020 12:38:46]   Created model
[20 May 2020 12:38:46]   
[20 May 2020 12:38:46]   Indexed
[20 May 2020 12:38:46]   
[20 May 2020 12:38:51]   Done loading model
[20 May 2020 12:38:51]   
[20 May 2020 19:35:28]   Namespace(backdoor=3, batch_size=256, data_path=None, load_path='trained_models/java-small/code2seq/backdoor3_0.1/model_best', poison_ratio=0.1, release=None, reuse=False, save_path_prefix=None, test_path='data/java-small/backdoor3/0.1/code2seq/data.train.c2s')
[20 May 2020 19:35:28]   Loading dictionaries from: trained_models/java-small/code2seq/backdoor3_0.1/model_best
[20 May 2020 19:35:28]   Done loading dictionaries
[20 May 2020 19:35:28]   Created model
[20 May 2020 19:35:28]   Indexed
[20 May 2020 19:35:33]   Done loading model
[20 May 2020 19:36:05]   Processed 50 batches, 12800 data points
[20 May 2020 19:36:35]   Processed 100 batches, 25600 data points
[20 May 2020 19:37:04]   Processed 150 batches, 38400 data points
[20 May 2020 19:37:35]   Processed 200 batches, 51200 data points
[20 May 2020 19:38:05]   Processed 250 batches, 64000 data points
[20 May 2020 19:38:35]   Processed 300 batches, 76800 data points
[20 May 2020 19:39:05]   Processed 350 batches, 89600 data points
[20 May 2020 19:39:35]   Processed 400 batches, 102400 data points
[20 May 2020 19:40:06]   Processed 450 batches, 115200 data points
[20 May 2020 19:40:36]   Processed 500 batches, 128000 data points
[20 May 2020 19:41:07]   Processed 550 batches, 140800 data points
[20 May 2020 19:41:38]   Processed 600 batches, 153600 data points
[20 May 2020 19:42:10]   Processed 650 batches, 166400 data points
[20 May 2020 19:42:41]   Processed 700 batches, 179200 data points
[20 May 2020 19:43:11]   Processed 750 batches, 192000 data points
[20 May 2020 19:43:42]   Processed 800 batches, 204800 data points
[20 May 2020 19:44:12]   Processed 850 batches, 217600 data points
[20 May 2020 19:44:43]   Processed 900 batches, 230400 data points
[20 May 2020 19:45:14]   Processed 950 batches, 243200 data points
[20 May 2020 19:45:45]   Processed 1000 batches, 256000 data points
[20 May 2020 19:46:16]   Processed 1050 batches, 268800 data points
[20 May 2020 19:46:46]   Processed 1100 batches, 281600 data points
[20 May 2020 19:47:17]   Processed 1150 batches, 294400 data points
[20 May 2020 19:47:49]   Processed 1200 batches, 307200 data points
[20 May 2020 19:48:19]   Processed 1250 batches, 320000 data points
[20 May 2020 19:48:50]   Processed 1300 batches, 332800 data points
[20 May 2020 19:49:20]   Processed 1350 batches, 345600 data points
[20 May 2020 19:49:51]   Processed 1400 batches, 358400 data points
[20 May 2020 19:50:21]   Processed 1450 batches, 371200 data points
[20 May 2020 19:50:53]   Processed 1500 batches, 384000 data points
[20 May 2020 19:51:24]   Processed 1550 batches, 396800 data points
[20 May 2020 19:51:54]   Processed 1600 batches, 409600 data points
[20 May 2020 19:52:25]   Processed 1650 batches, 422400 data points
[20 May 2020 19:52:55]   Processed 1700 batches, 435200 data points
[20 May 2020 19:53:26]   Processed 1750 batches, 448000 data points
[20 May 2020 19:53:57]   Processed 1800 batches, 460800 data points
[20 May 2020 19:54:27]   Processed 1850 batches, 473600 data points
[20 May 2020 19:54:58]   Processed 1900 batches, 486400 data points
[20 May 2020 19:55:29]   Processed 1950 batches, 499200 data points
[20 May 2020 19:56:00]   Processed 2000 batches, 512000 data points
[20 May 2020 19:56:32]   Processed 2050 batches, 524800 data points
[20 May 2020 19:57:03]   Processed 2100 batches, 537600 data points
[20 May 2020 19:57:33]   Processed 2150 batches, 550400 data points
[20 May 2020 19:58:04]   Processed 2200 batches, 563200 data points
[20 May 2020 19:58:35]   Processed 2250 batches, 576000 data points
[20 May 2020 19:58:44]   Skipped 0 points
[20 May 2020 19:58:44]   Skipped 0 points for inf/nan
[20 May 2020 19:58:44]   Done getting hidden states
[20 May 2020 19:58:44]   Time elapsed: 0h23m9s
[20 May 2020 19:58:44]   Length of all_data: 579746
[20 May 2020 19:58:44]   ____________________________________________________________________________________________________
[20 May 2020 19:58:44]   1. decoder_input
[20 May 2020 19:59:54]   Shape of Matrix M, poison, indices:
[20 May 2020 19:59:54]    
[20 May 2020 19:59:54]   (579746, 320)
[20 May 2020 19:59:54]    
[20 May 2020 19:59:54]   (579746,)
[20 May 2020 19:59:54]    
[20 May 2020 19:59:54]   (579746,)
[20 May 2020 19:59:54]   Calculating outlier scores...
[20 May 2020 19:59:54]   (579746, 320)
[20 May 2020 19:59:54]    
[20 May 2020 19:59:54]   True
[20 May 2020 19:59:54]   Normalizing hidden states...
[20 May 2020 19:59:55]   (579746, 320)
[20 May 2020 19:59:55]    
[20 May 2020 19:59:55]   True
[20 May 2020 19:59:55]   Calculating top singular vector...
[20 May 2020 20:00:28]   Calculating outlier scores...
[20 May 2020 20:00:28]   --------------------------------------------------
[20 May 2020 20:00:28]   normal
[20 May 2020 20:00:28]   Shape of outlier_scores, poison, indices: (579746,) (579746,) (579746,)
[20 May 2020 20:00:28]   Plotting histogram...
[20 May 2020 20:00:28]   Lower and upper bounds used for histogram:
[20 May 2020 20:00:28]    
[20 May 2020 20:00:28]   -12.55310344696045
[20 May 2020 20:00:28]    
[20 May 2020 20:00:28]   0.5718889236450195
[20 May 2020 20:00:30]   Saved histogram
[20 May 2020 20:00:30]    
[20 May 2020 20:00:30]   data/java-small/backdoor3/0.1/code2seq/data.train.c2s_detection_results/hist_1. decoder_input_normal.png
[20 May 2020 20:00:30]   Calculating AUC...
[20 May 2020 20:00:31]   Total clean and poisoned points:
[20 May 2020 20:00:31]    
[20 May 2020 20:00:31]   525386
[20 May 2020 20:00:31]    
[20 May 2020 20:00:31]   54360
[20 May 2020 20:00:32]   AUC:
[20 May 2020 20:00:32]    
[20 May 2020 20:00:32]   0.4017430651506244
[20 May 2020 20:00:36]   Saved data/java-small/backdoor3/0.1/code2seq/data.train.c2s_detection_results/1. decoder_input_normal_results.json
[20 May 2020 20:00:37]   Recall @1.0x: 1.57
[20 May 2020 20:00:37]   Recall @1.5x: 7.83
[20 May 2020 20:00:37]   Recall @2.0x: 13.21
[20 May 2020 20:00:37]   Recall @2.5x: 17.55
[20 May 2020 20:00:37]   Recall @3.0x: 20.99
[20 May 2020 20:00:37]   Done!
[20 May 2020 20:00:37]   ____________________________________________________________________________________________________
[20 May 2020 20:00:37]   2. context_vectors_mean
[20 May 2020 20:02:06]   Shape of Matrix M, poison, indices:
[20 May 2020 20:02:06]    
[20 May 2020 20:02:06]   (579746, 320)
[20 May 2020 20:02:06]    
[20 May 2020 20:02:06]   (579746,)
[20 May 2020 20:02:06]    
[20 May 2020 20:02:06]   (579746,)
[20 May 2020 20:02:06]   Calculating outlier scores...
[20 May 2020 20:02:06]   (579746, 320)
[20 May 2020 20:02:06]    
[20 May 2020 20:02:06]   True
[20 May 2020 20:02:06]   Normalizing hidden states...
[20 May 2020 20:02:07]   (579746, 320)
[20 May 2020 20:02:07]    
[20 May 2020 20:02:07]   True
[20 May 2020 20:02:07]   Calculating top singular vector...
[20 May 2020 20:02:41]   Calculating outlier scores...
[20 May 2020 20:02:42]   --------------------------------------------------
[20 May 2020 20:02:42]   normal
[20 May 2020 20:02:42]   Shape of outlier_scores, poison, indices: (579746,) (579746,) (579746,)
[20 May 2020 20:02:42]   Plotting histogram...
[20 May 2020 20:02:42]   Lower and upper bounds used for histogram:
[20 May 2020 20:02:42]    
[20 May 2020 20:02:42]   -10.67786979675293
[20 May 2020 20:02:42]    
[20 May 2020 20:02:42]   0.6292167007923126
[20 May 2020 20:02:43]   Saved histogram
[20 May 2020 20:02:43]    
[20 May 2020 20:02:43]   data/java-small/backdoor3/0.1/code2seq/data.train.c2s_detection_results/hist_2. context_vectors_mean_normal.png
[20 May 2020 20:02:43]   Calculating AUC...
[20 May 2020 20:02:45]   Total clean and poisoned points:
[20 May 2020 20:02:45]    
[20 May 2020 20:02:45]   525386
[20 May 2020 20:02:45]    
[20 May 2020 20:02:45]   54360
[20 May 2020 20:02:46]   AUC:
[20 May 2020 20:02:46]    
[20 May 2020 20:02:46]   0.9334644776342685
[20 May 2020 20:02:50]   Saved data/java-small/backdoor3/0.1/code2seq/data.train.c2s_detection_results/2. context_vectors_mean_normal_results.json
[20 May 2020 20:02:50]   Recall @1.0x: 55.42
[20 May 2020 20:02:50]   Recall @1.5x: 82.25
[20 May 2020 20:02:50]   Recall @2.0x: 93.41
[20 May 2020 20:02:50]   Recall @2.5x: 96.38
[20 May 2020 20:02:50]   Recall @3.0x: 97.37
[20 May 2020 20:02:50]   Done!
[20 May 2020 20:02:50]   ____________________________________________________________________________________________________
[20 May 2020 20:02:50]   3. context_vectors_all
[20 May 2020 20:09:29]   Shape of Matrix M, poison, indices:
[20 May 2020 20:09:29]    
[20 May 2020 20:09:29]   (2011939, 320)
[20 May 2020 20:09:29]    
[20 May 2020 20:09:29]   (2011939,)
[20 May 2020 20:09:29]    
[20 May 2020 20:09:29]   (2011939,)
[20 May 2020 20:09:29]   Calculating outlier scores...
[20 May 2020 20:09:30]   (2011939, 320)
[20 May 2020 20:09:30]    
[20 May 2020 20:09:30]   True
[20 May 2020 20:09:30]   Normalizing hidden states...
[20 May 2020 20:09:41]   (2011939, 320)
[20 May 2020 20:09:41]    
[20 May 2020 20:09:41]   True
[20 May 2020 20:09:41]   Calculating top singular vector...
[20 May 2020 20:12:34]   Calculating outlier scores...
[20 May 2020 20:12:44]   --------------------------------------------------
[20 May 2020 20:12:44]   max
[20 May 2020 20:12:44]   Shape of outlier_scores, poison, indices: (579746,) (579746,) (579746,)
[20 May 2020 20:12:44]   Plotting histogram...
[20 May 2020 20:12:44]   Lower and upper bounds used for histogram:
[20 May 2020 20:12:44]    
[20 May 2020 20:12:44]   -6.207198619842529
[20 May 2020 20:12:44]    
[20 May 2020 20:12:44]   1.4988641142845154
[20 May 2020 20:12:45]   Saved histogram
[20 May 2020 20:12:45]    
[20 May 2020 20:12:45]   data/java-small/backdoor3/0.1/code2seq/data.train.c2s_detection_results/hist_3. context_vectors_all_max.png
[20 May 2020 20:12:45]   Calculating AUC...
[20 May 2020 20:12:47]   Total clean and poisoned points:
[20 May 2020 20:12:47]    
[20 May 2020 20:12:47]   525386
[20 May 2020 20:12:47]    
[20 May 2020 20:12:47]   54360
[20 May 2020 20:12:48]   AUC:
[20 May 2020 20:12:48]    
[20 May 2020 20:12:48]   0.9919749964024487
[20 May 2020 20:12:52]   Saved data/java-small/backdoor3/0.1/code2seq/data.train.c2s_detection_results/3. context_vectors_all_max_results.json
[20 May 2020 20:12:52]   Recall @1.0x: 97.64
[20 May 2020 20:12:52]   Recall @1.5x: 98.00
[20 May 2020 20:12:52]   Recall @2.0x: 98.26
[20 May 2020 20:12:52]   Recall @2.5x: 98.50
[20 May 2020 20:12:52]   Recall @3.0x: 98.69
[20 May 2020 20:12:52]   Done!
[20 May 2020 20:12:52]   --------------------------------------------------
[20 May 2020 20:12:52]   min
[20 May 2020 20:12:52]   Shape of outlier_scores, poison, indices: (579746,) (579746,) (579746,)
[20 May 2020 20:12:52]   Plotting histogram...
[20 May 2020 20:12:52]   Lower and upper bounds used for histogram:
[20 May 2020 20:12:52]    
[20 May 2020 20:12:52]   -12.460365295410156
[20 May 2020 20:12:52]    
[20 May 2020 20:12:52]   -0.2100345455110073
[20 May 2020 20:12:53]   Saved histogram
[20 May 2020 20:12:53]    
[20 May 2020 20:12:53]   data/java-small/backdoor3/0.1/code2seq/data.train.c2s_detection_results/hist_3. context_vectors_all_min.png
[20 May 2020 20:12:53]   Calculating AUC...
[20 May 2020 20:12:55]   Total clean and poisoned points:
[20 May 2020 20:12:55]    
[20 May 2020 20:12:55]   525386
[20 May 2020 20:12:55]    
[20 May 2020 20:12:55]   54360
[20 May 2020 20:12:56]   AUC:
[20 May 2020 20:12:56]    
[20 May 2020 20:12:56]   0.4040415050723827
[20 May 2020 20:13:00]   Saved data/java-small/backdoor3/0.1/code2seq/data.train.c2s_detection_results/3. context_vectors_all_min_results.json
[20 May 2020 20:13:00]   Recall @1.0x: 3.95
[20 May 2020 20:13:00]   Recall @1.5x: 6.71
[20 May 2020 20:13:00]   Recall @2.0x: 9.87
[20 May 2020 20:13:00]   Recall @2.5x: 13.58
[20 May 2020 20:13:00]   Recall @3.0x: 17.58
[20 May 2020 20:13:00]   Done!
[20 May 2020 20:13:00]   --------------------------------------------------
[20 May 2020 20:13:00]   mean
[20 May 2020 20:13:00]   Shape of outlier_scores, poison, indices: (579746,) (579746,) (579746,)
[20 May 2020 20:13:00]   Plotting histogram...
[20 May 2020 20:13:00]   Lower and upper bounds used for histogram:
[20 May 2020 20:13:00]    
[20 May 2020 20:13:00]   -6.444127740676468
[20 May 2020 20:13:00]    
[20 May 2020 20:13:00]   1.0468657591014157
[20 May 2020 20:13:02]   Saved histogram
[20 May 2020 20:13:02]    
[20 May 2020 20:13:02]   data/java-small/backdoor3/0.1/code2seq/data.train.c2s_detection_results/hist_3. context_vectors_all_mean.png
[20 May 2020 20:13:02]   Calculating AUC...
[20 May 2020 20:13:03]   Total clean and poisoned points:
[20 May 2020 20:13:03]    
[20 May 2020 20:13:03]   525386
[20 May 2020 20:13:03]    
[20 May 2020 20:13:03]   54360
[20 May 2020 20:13:04]   AUC:
[20 May 2020 20:13:04]    
[20 May 2020 20:13:04]   0.9912169313493174
[20 May 2020 20:13:08]   Saved data/java-small/backdoor3/0.1/code2seq/data.train.c2s_detection_results/3. context_vectors_all_mean_results.json
[20 May 2020 20:13:08]   Recall @1.0x: 96.86
[20 May 2020 20:13:08]   Recall @1.5x: 97.80
[20 May 2020 20:13:09]   Recall @2.0x: 98.13
[20 May 2020 20:13:09]   Recall @2.5x: 98.34
[20 May 2020 20:13:09]   Recall @3.0x: 98.56
[20 May 2020 20:13:09]   Done!
