[23 May 2020 21:43:46]   Namespace(backdoor=3, batch_size=512, data_path=None, load_path='trained_models/java-small/code2seq/backdoor3_0.05/model_best', poison_ratio=0.05, release=None, reuse=False, save_path_prefix=None, test_path='data/java-small/backdoor3/0.05/code2seq/data.train.c2s')
[25 May 2020 01:28:10]   Namespace(backdoor=3, batch_size=512, data_path=None, load_path='trained_models/java-small/code2seq/backdoor3_0.05/model_best', poison_ratio=0.05, release=None, reuse=False, save_path_prefix=None, test_path='data/java-small/backdoor3/0.05/code2seq/data.train.c2s')
[25 May 2020 01:28:11]   Loading dictionaries from: trained_models/java-small/code2seq/backdoor3_0.05/model_best
[25 May 2020 01:28:11]   Done loading dictionaries
[25 May 2020 01:28:11]   Created model
[25 May 2020 01:28:11]   Indexed
[25 May 2020 01:28:16]   Done loading model
[25 May 2020 01:28:46]   Processed 50 batches, 25600 data points
[25 May 2020 01:29:15]   Processed 100 batches, 51200 data points
[25 May 2020 01:29:43]   Processed 150 batches, 76800 data points
[25 May 2020 01:30:12]   Processed 200 batches, 102400 data points
[25 May 2020 01:30:40]   Processed 250 batches, 128000 data points
[25 May 2020 01:31:09]   Processed 300 batches, 153600 data points
[25 May 2020 01:31:38]   Processed 350 batches, 179200 data points
[25 May 2020 01:32:07]   Processed 400 batches, 204800 data points
[25 May 2020 01:32:35]   Processed 450 batches, 230400 data points
[25 May 2020 01:33:04]   Processed 500 batches, 256000 data points
[25 May 2020 01:33:32]   Processed 550 batches, 281600 data points
[25 May 2020 01:34:01]   Processed 600 batches, 307200 data points
[25 May 2020 01:34:30]   Processed 650 batches, 332800 data points
[25 May 2020 01:34:58]   Processed 700 batches, 358400 data points
[25 May 2020 01:35:27]   Processed 750 batches, 384000 data points
[25 May 2020 01:35:55]   Processed 800 batches, 409600 data points
[25 May 2020 01:36:24]   Processed 850 batches, 435200 data points
[25 May 2020 01:36:53]   Processed 900 batches, 460800 data points
[25 May 2020 01:37:21]   Processed 950 batches, 486400 data points
[25 May 2020 01:37:50]   Processed 1000 batches, 512000 data points
[25 May 2020 01:38:18]   Processed 1050 batches, 537600 data points
[25 May 2020 01:38:31]   Skipped 0 points
[25 May 2020 01:38:31]   Skipped 0 points for inf/nan
[25 May 2020 01:38:31]   Done getting hidden states
[25 May 2020 01:38:31]   Time elapsed: 0h10m14s
[25 May 2020 01:38:31]   Length of all_data: 549307
[25 May 2020 01:38:31]   ____________________________________________________________________________________________________
[25 May 2020 01:38:31]   1. decoder_input
[25 May 2020 01:39:42]   Shape of Matrix M, poison, indices: (549307, 320), (549307,), (549307,)
[25 May 2020 01:39:42]   Calculating outlier scores...
[25 May 2020 01:39:42]   Normalizing hidden states...
[25 May 2020 01:39:42]   Calculating top singular vector...
[25 May 2020 01:40:01]   Calculating outlier scores...
[25 May 2020 01:40:02]   --------------------------------------------------
[25 May 2020 01:40:02]   normal
[25 May 2020 01:40:02]   Shape of outlier_scores, poison, indices: (549307,) (549307,) (549307,)
[25 May 2020 01:40:02]   Plotting histogram...
[25 May 2020 01:40:02]   Lower and upper bounds used for histogram: -11.877762794494629 0.567132294178009
[25 May 2020 01:40:03]   Saved histogram data/java-small/backdoor3/0.05/code2seq/data.train.c2s_detection_results/hist_1. decoder_input_normal.png
[25 May 2020 01:40:03]   Calculating AUC...
[25 May 2020 01:40:05]   Total clean and poisoned points: 523361 25946
[25 May 2020 01:40:05]   AUC: 0.4274543084449424
[25 May 2020 01:40:09]   Saved data/java-small/backdoor3/0.05/code2seq/data.train.c2s_detection_results/1. decoder_input_normal_results.json
[25 May 2020 01:40:09]   Recall @1.0x: 0.2 percent  Recall @1.5x: 0.4 percent  Recall @2.0x: 0.8 percent  Recall @2.5x: 1.9 percent  Recall @3.0x: 3.6 percent  
[25 May 2020 01:40:09]   Done!
[25 May 2020 01:40:09]   ____________________________________________________________________________________________________
[25 May 2020 01:40:09]   2. context_vectors_mean
[25 May 2020 01:41:34]   Shape of Matrix M, poison, indices: (549307, 320), (549307,), (549307,)
[25 May 2020 01:41:34]   Calculating outlier scores...
[25 May 2020 01:41:34]   Normalizing hidden states...
[25 May 2020 01:41:34]   Calculating top singular vector...
[25 May 2020 01:41:55]   Calculating outlier scores...
[25 May 2020 01:41:55]   --------------------------------------------------
[25 May 2020 01:41:55]   normal
[25 May 2020 01:41:55]   Shape of outlier_scores, poison, indices: (549307,) (549307,) (549307,)
[25 May 2020 01:41:55]   Plotting histogram...
[25 May 2020 01:41:55]   Lower and upper bounds used for histogram: -11.90633773803711 0.7409278392791743
[25 May 2020 01:41:56]   Saved histogram data/java-small/backdoor3/0.05/code2seq/data.train.c2s_detection_results/hist_2. context_vectors_mean_normal.png
[25 May 2020 01:41:56]   Calculating AUC...
[25 May 2020 01:41:58]   Total clean and poisoned points: 523361 25946
[25 May 2020 01:41:58]   AUC: 0.9879986254689695
[25 May 2020 01:42:02]   Saved data/java-small/backdoor3/0.05/code2seq/data.train.c2s_detection_results/2. context_vectors_mean_normal_results.json
[25 May 2020 01:42:02]   Recall @1.0x: 96.0 percent  Recall @1.5x: 97.5 percent  Recall @2.0x: 97.7 percent  Recall @2.5x: 97.8 percent  Recall @3.0x: 97.9 percent  
[25 May 2020 01:42:02]   Done!
[25 May 2020 01:42:02]   ____________________________________________________________________________________________________
[25 May 2020 01:42:02]   3. context_vectors_all
[25 May 2020 01:48:38]   Shape of Matrix M, poison, indices: (1922948, 320), (1922948,), (1922948,)
[25 May 2020 01:48:38]   Calculating outlier scores...
[25 May 2020 01:48:38]   Normalizing hidden states...
[25 May 2020 01:48:39]   Calculating top singular vector...
[25 May 2020 01:50:25]   Calculating outlier scores...
[25 May 2020 01:50:31]   --------------------------------------------------
[25 May 2020 01:50:31]   max
[25 May 2020 01:50:31]   Shape of outlier_scores, poison, indices: (549307,) (549307,) (549307,)
[25 May 2020 01:50:31]   Plotting histogram...
[25 May 2020 01:50:31]   Lower and upper bounds used for histogram: -5.227920055389404 1.0974255442619318
[25 May 2020 01:50:32]   Saved histogram data/java-small/backdoor3/0.05/code2seq/data.train.c2s_detection_results/hist_3. context_vectors_all_max.png
[25 May 2020 01:50:32]   Calculating AUC...
[25 May 2020 01:50:34]   Total clean and poisoned points: 523361 25946
[25 May 2020 01:50:34]   AUC: 0.9493423842092283
[25 May 2020 01:50:38]   Saved data/java-small/backdoor3/0.05/code2seq/data.train.c2s_detection_results/3. context_vectors_all_max_results.json
[25 May 2020 01:50:38]   Recall @1.0x: 31.4 percent  Recall @1.5x: 73.4 percent  Recall @2.0x: 95.5 percent  Recall @2.5x: 97.7 percent  Recall @3.0x: 97.9 percent  
[25 May 2020 01:50:38]   Done!
